[ 2013-06-06T09:14:05+08:00 ] /new/index.php?a=index&m=company | INFO: Tag[ app_begin ] --START--
[ 2013-06-06T09:14:05+08:00 ] /new/index.php?a=index&m=company | INFO: Run ReadHtmlCache Behavior [ RunTime:0.001407s ]
[ 2013-06-06T09:14:05+08:00 ] /new/index.php?a=index&m=company | INFO: Tag[ app_begin ] --END-- [ RunTime:0.001532s ]
[ 2013-06-06T09:14:05+08:00 ] /new/index.php?a=index&m=company | SQL: SHOW COLUMNS FROM `yjl_company` [ RunTime:0.003773s ]
[ 2013-06-06T09:14:05+08:00 ] /new/index.php?a=index&m=company | NOTIC: [8] Undefined index:  p companyModel.class.php 第 19 行.
[ 2013-06-06T09:14:05+08:00 ] /new/index.php?a=index&m=company | SQL: SELECT COUNT(*) AS tp_count FROM `yjl_company` WHERE status = 1 LIMIT 1   [ RunTime:0.000392s ]
[ 2013-06-06T09:14:05+08:00 ] /new/index.php?a=index&m=company | SQL: SELECT * FROM `yjl_company` WHERE status = 1 ORDER BY addtime DESC LIMIT 0,10   [ RunTime:0.000358s ]
[ 2013-06-06T09:14:05+08:00 ] /new/index.php?a=index&m=company | INFO: Tag[ view_template ] --START--
[ 2013-06-06T09:14:05+08:00 ] /new/index.php?a=index&m=company | INFO: Run LocationTemplate Behavior [ RunTime:0.002677s ]
[ 2013-06-06T09:14:05+08:00 ] /new/index.php?a=index&m=company | INFO: Tag[ view_template ] --END-- [ RunTime:0.002800s ]
[ 2013-06-06T09:14:05+08:00 ] /new/index.php?a=index&m=company | INFO: Tag[ view_parse ] --START--
[ 2013-06-06T09:14:05+08:00 ] /new/index.php?a=index&m=company | NOTIC: [8] Undefined variable: web_title 6f6189d60d35a8824621e017bad6bbe7.php 第 15 行.
[ 2013-06-06T09:14:05+08:00 ] /new/index.php?a=index&m=company | INFO: Run ParseTemplate Behavior [ RunTime:0.037450s ]
[ 2013-06-06T09:14:05+08:00 ] /new/index.php?a=index&m=company | INFO: Tag[ view_parse ] --END-- [ RunTime:0.037542s ]
[ 2013-06-06T09:14:05+08:00 ] /new/index.php?a=index&m=company | INFO: Tag[ view_filter ] --START--
[ 2013-06-06T09:14:05+08:00 ] /new/index.php?a=index&m=company | INFO: Run ContentReplace Behavior [ RunTime:0.000848s ]
[ 2013-06-06T09:14:05+08:00 ] /new/index.php?a=index&m=company | INFO: Run TokenBuild Behavior [ RunTime:0.000948s ]
[ 2013-06-06T09:14:05+08:00 ] /new/index.php?a=index&m=company | INFO: Run WriteHtmlCache Behavior [ RunTime:0.000668s ]
[ 2013-06-06T09:14:05+08:00 ] /new/index.php?a=index&m=company | INFO: Run ShowRuntime Behavior [ RunTime:0.000854s ]
[ 2013-06-06T09:14:05+08:00 ] /new/index.php?a=index&m=company | INFO: Tag[ view_filter ] --END-- [ RunTime:0.003485s ]
[ 2013-06-06T09:14:05+08:00 ] /new/index.php?a=index&m=company | INFO: Tag[ view_end ] --START--
[ 2013-06-06T09:14:05+08:00 ] /new/index.php?a=index&m=company | INFO: Run ShowPageTrace Behavior [ RunTime:0.000840s ]
[ 2013-06-06T09:14:05+08:00 ] /new/index.php?a=index&m=company | INFO: Tag[ view_end ] --END-- [ RunTime:0.000897s ]
[ 2013-06-06T09:14:28+08:00 ] /new/index.php?a=index&m=reserve&cid=16 | INFO: Tag[ app_begin ] --START--
[ 2013-06-06T09:14:28+08:00 ] /new/index.php?a=index&m=reserve&cid=16 | INFO: Run ReadHtmlCache Behavior [ RunTime:0.001199s ]
[ 2013-06-06T09:14:28+08:00 ] /new/index.php?a=index&m=reserve&cid=16 | INFO: Tag[ app_begin ] --END-- [ RunTime:0.001320s ]
[ 2013-06-06T09:14:28+08:00 ] /new/index.php?a=index&m=reserve&cid=16 | NOTIC: [8] Undefined index:  sid reserveAction.class.php 第 5 行.
[ 2013-06-06T09:14:28+08:00 ] /new/index.php?a=index&m=reserve&cid=16 | SQL: SHOW COLUMNS FROM `yjl_company` [ RunTime:0.001705s ]
[ 2013-06-06T09:14:28+08:00 ] /new/index.php?a=index&m=reserve&cid=16 | SQL: SELECT * FROM `yjl_company` WHERE id = 16 LIMIT 1   [ RunTime:0.000230s ]
[ 2013-06-06T09:14:28+08:00 ] /new/index.php?a=index&m=reserve&cid=16 | INFO: Tag[ view_template ] --START--
[ 2013-06-06T09:14:28+08:00 ] /new/index.php?a=index&m=reserve&cid=16 | INFO: Run LocationTemplate Behavior [ RunTime:0.001917s ]
[ 2013-06-06T09:14:28+08:00 ] /new/index.php?a=index&m=reserve&cid=16 | INFO: Tag[ view_template ] --END-- [ RunTime:0.002010s ]
[ 2013-06-06T09:14:28+08:00 ] /new/index.php?a=index&m=reserve&cid=16 | INFO: Tag[ view_parse ] --START--
[ 2013-06-06T09:14:28+08:00 ] /new/index.php?a=index&m=reserve&cid=16 | NOTIC: [8] Undefined variable: web_title 96e29c0886d6025c5d0468b2e6002afd.php 第 15 行.
[ 2013-06-06T09:14:28+08:00 ] /new/index.php?a=index&m=reserve&cid=16 | NOTIC: [8] Undefined variable: ref 96e29c0886d6025c5d0468b2e6002afd.php 第 31 行.
[ 2013-06-06T09:14:28+08:00 ] /new/index.php?a=index&m=reserve&cid=16 | NOTIC: [8] Undefined variable: sid 96e29c0886d6025c5d0468b2e6002afd.php 第 67 行.
[ 2013-06-06T09:14:28+08:00 ] /new/index.php?a=index&m=reserve&cid=16 | INFO: Run ParseTemplate Behavior [ RunTime:0.018337s ]
[ 2013-06-06T09:14:28+08:00 ] /new/index.php?a=index&m=reserve&cid=16 | INFO: Tag[ view_parse ] --END-- [ RunTime:0.018414s ]
[ 2013-06-06T09:14:28+08:00 ] /new/index.php?a=index&m=reserve&cid=16 | INFO: Tag[ view_filter ] --START--
[ 2013-06-06T09:14:28+08:00 ] /new/index.php?a=index&m=reserve&cid=16 | INFO: Run ContentReplace Behavior [ RunTime:0.000669s ]
[ 2013-06-06T09:14:28+08:00 ] /new/index.php?a=index&m=reserve&cid=16 | INFO: Run TokenBuild Behavior [ RunTime:0.000781s ]
[ 2013-06-06T09:14:28+08:00 ] /new/index.php?a=index&m=reserve&cid=16 | INFO: Run WriteHtmlCache Behavior [ RunTime:0.000547s ]
[ 2013-06-06T09:14:28+08:00 ] /new/index.php?a=index&m=reserve&cid=16 | INFO: Run ShowRuntime Behavior [ RunTime:0.000724s ]
[ 2013-06-06T09:14:28+08:00 ] /new/index.php?a=index&m=reserve&cid=16 | INFO: Tag[ view_filter ] --END-- [ RunTime:0.002856s ]
[ 2013-06-06T09:14:28+08:00 ] /new/index.php?a=index&m=reserve&cid=16 | INFO: Tag[ view_end ] --START--
[ 2013-06-06T09:14:28+08:00 ] /new/index.php?a=index&m=reserve&cid=16 | INFO: Run ShowPageTrace Behavior [ RunTime:0.000685s ]
[ 2013-06-06T09:14:28+08:00 ] /new/index.php?a=index&m=reserve&cid=16 | INFO: Tag[ view_end ] --END-- [ RunTime:0.000732s ]
[ 2013-06-06T09:36:44+08:00 ] /new/index.php?a=company&m=company | INFO: Tag[ app_begin ] --START--
[ 2013-06-06T09:36:44+08:00 ] /new/index.php?a=company&m=company | INFO: Run ReadHtmlCache Behavior [ RunTime:0.001266s ]
[ 2013-06-06T09:36:44+08:00 ] /new/index.php?a=company&m=company | INFO: Tag[ app_begin ] --END-- [ RunTime:0.001379s ]
[ 2013-06-06T09:36:44+08:00 ] /new/index.php?a=company&m=company | INFO: Tag[ view_template ] --START--
[ 2013-06-06T09:36:44+08:00 ] /new/index.php?a=company&m=company | INFO: Run LocationTemplate Behavior [ RunTime:0.002060s ]
[ 2013-06-06T09:36:44+08:00 ] /new/index.php?a=company&m=company | INFO: Tag[ view_template ] --END-- [ RunTime:0.002167s ]
[ 2013-06-06T09:36:44+08:00 ] /new/index.php?a=company&m=company | INFO: Tag[ view_parse ] --START--
[ 2013-06-06T09:36:44+08:00 ] /new/index.php?a=company&m=company | NOTIC: [8] Undefined variable: web_title 3abae84a575037d8046edc94b7d06c71.php 第 15 行.
[ 2013-06-06T09:36:44+08:00 ] /new/index.php?a=company&m=company | INFO: Run ParseTemplate Behavior [ RunTime:0.014952s ]
[ 2013-06-06T09:36:44+08:00 ] /new/index.php?a=company&m=company | INFO: Tag[ view_parse ] --END-- [ RunTime:0.015037s ]
[ 2013-06-06T09:36:44+08:00 ] /new/index.php?a=company&m=company | INFO: Tag[ view_filter ] --START--
[ 2013-06-06T09:36:44+08:00 ] /new/index.php?a=company&m=company | INFO: Run ContentReplace Behavior [ RunTime:0.000889s ]
[ 2013-06-06T09:36:44+08:00 ] /new/index.php?a=company&m=company | INFO: Run TokenBuild Behavior [ RunTime:0.000799s ]
[ 2013-06-06T09:36:44+08:00 ] /new/index.php?a=company&m=company | INFO: Run WriteHtmlCache Behavior [ RunTime:0.000575s ]
[ 2013-06-06T09:36:44+08:00 ] /new/index.php?a=company&m=company | INFO: Run ShowRuntime Behavior [ RunTime:0.000731s ]
[ 2013-06-06T09:36:44+08:00 ] /new/index.php?a=company&m=company | INFO: Tag[ view_filter ] --END-- [ RunTime:0.003149s ]
[ 2013-06-06T09:36:44+08:00 ] /new/index.php?a=company&m=company | INFO: Tag[ view_end ] --START--
[ 2013-06-06T09:36:44+08:00 ] /new/index.php?a=company&m=company | INFO: Run ShowPageTrace Behavior [ RunTime:0.000725s ]
[ 2013-06-06T09:36:44+08:00 ] /new/index.php?a=company&m=company | INFO: Tag[ view_end ] --END-- [ RunTime:0.000773s ]
[ 2013-06-06T09:48:22+08:00 ] /new/index.php?a=index&m=company | INFO: Tag[ app_begin ] --START--
[ 2013-06-06T09:48:22+08:00 ] /new/index.php?a=index&m=company | INFO: Run ReadHtmlCache Behavior [ RunTime:0.001811s ]
[ 2013-06-06T09:48:22+08:00 ] /new/index.php?a=index&m=company | INFO: Tag[ app_begin ] --END-- [ RunTime:0.001970s ]
[ 2013-06-06T09:48:22+08:00 ] /new/index.php?a=index&m=company | SQL: SHOW COLUMNS FROM `yjl_company` [ RunTime:0.008041s ]
[ 2013-06-06T09:48:22+08:00 ] /new/index.php?a=index&m=company | NOTIC: [8] Undefined index:  p companyModel.class.php 第 19 行.
[ 2013-06-06T09:48:22+08:00 ] /new/index.php?a=index&m=company | SQL: SELECT COUNT(*) AS tp_count FROM `yjl_company` WHERE status = 1 LIMIT 1   [ RunTime:0.000240s ]
[ 2013-06-06T09:48:22+08:00 ] /new/index.php?a=index&m=company | SQL: SELECT * FROM `yjl_company` WHERE status = 1 ORDER BY addtime DESC LIMIT 0,10   [ RunTime:0.000246s ]
[ 2013-06-06T09:48:22+08:00 ] /new/index.php?a=index&m=company | INFO: Tag[ view_template ] --START--
[ 2013-06-06T09:48:22+08:00 ] /new/index.php?a=index&m=company | INFO: Run LocationTemplate Behavior [ RunTime:0.002020s ]
[ 2013-06-06T09:48:22+08:00 ] /new/index.php?a=index&m=company | INFO: Tag[ view_template ] --END-- [ RunTime:0.002095s ]
[ 2013-06-06T09:48:22+08:00 ] /new/index.php?a=index&m=company | INFO: Tag[ view_parse ] --START--
[ 2013-06-06T09:48:22+08:00 ] /new/index.php?a=index&m=company | NOTIC: [8] Undefined variable: web_title 6f6189d60d35a8824621e017bad6bbe7.php 第 15 行.
[ 2013-06-06T09:48:22+08:00 ] /new/index.php?a=index&m=company | INFO: Run ParseTemplate Behavior [ RunTime:0.017117s ]
[ 2013-06-06T09:48:22+08:00 ] /new/index.php?a=index&m=company | INFO: Tag[ view_parse ] --END-- [ RunTime:0.017192s ]
[ 2013-06-06T09:48:22+08:00 ] /new/index.php?a=index&m=company | INFO: Tag[ view_filter ] --START--
[ 2013-06-06T09:48:22+08:00 ] /new/index.php?a=index&m=company | INFO: Run ContentReplace Behavior [ RunTime:0.001029s ]
[ 2013-06-06T09:48:22+08:00 ] /new/index.php?a=index&m=company | INFO: Run TokenBuild Behavior [ RunTime:0.001165s ]
[ 2013-06-06T09:48:22+08:00 ] /new/index.php?a=index&m=company | INFO: Run WriteHtmlCache Behavior [ RunTime:0.000932s ]
[ 2013-06-06T09:48:22+08:00 ] /new/index.php?a=index&m=company | INFO: Run ShowRuntime Behavior [ RunTime:0.001031s ]
[ 2013-06-06T09:48:22+08:00 ] /new/index.php?a=index&m=company | INFO: Tag[ view_filter ] --END-- [ RunTime:0.004312s ]
[ 2013-06-06T09:48:22+08:00 ] /new/index.php?a=index&m=company | INFO: Tag[ view_end ] --START--
[ 2013-06-06T09:48:22+08:00 ] /new/index.php?a=index&m=company | INFO: Run ShowPageTrace Behavior [ RunTime:0.001018s ]
[ 2013-06-06T09:48:22+08:00 ] /new/index.php?a=index&m=company | INFO: Tag[ view_end ] --END-- [ RunTime:0.001069s ]
[ 2013-06-06T09:48:56+08:00 ] /new/index.php?a=company&m=company&cid=13 | INFO: Tag[ app_begin ] --START--
[ 2013-06-06T09:48:56+08:00 ] /new/index.php?a=company&m=company&cid=13 | INFO: Run ReadHtmlCache Behavior [ RunTime:0.000458s ]
[ 2013-06-06T09:48:56+08:00 ] /new/index.php?a=company&m=company&cid=13 | INFO: Tag[ app_begin ] --END-- [ RunTime:0.000550s ]
[ 2013-06-06T09:48:56+08:00 ] /new/index.php?a=company&m=company&cid=13 | SQL: SHOW COLUMNS FROM `yjl_company` [ RunTime:0.001493s ]
[ 2013-06-06T09:48:56+08:00 ] /new/index.php?a=company&m=company&cid=13 | SQL: SELECT * FROM `yjl_company` WHERE id = 13 LIMIT 1   [ RunTime:0.000212s ]
[ 2013-06-06T09:48:56+08:00 ] /new/index.php?a=company&m=company&cid=13 | INFO: Tag[ view_template ] --START--
[ 2013-06-06T09:48:56+08:00 ] /new/index.php?a=company&m=company&cid=13 | INFO: Run LocationTemplate Behavior [ RunTime:0.000969s ]
[ 2013-06-06T09:48:56+08:00 ] /new/index.php?a=company&m=company&cid=13 | INFO: Tag[ view_template ] --END-- [ RunTime:0.001026s ]
[ 2013-06-06T09:48:56+08:00 ] /new/index.php?a=company&m=company&cid=13 | INFO: Tag[ view_parse ] --START--
[ 2013-06-06T09:48:56+08:00 ] /new/index.php?a=company&m=company&cid=13 | NOTIC: [8] Undefined variable: web_title 3abae84a575037d8046edc94b7d06c71.php 第 15 行.
[ 2013-06-06T09:48:56+08:00 ] /new/index.php?a=company&m=company&cid=13 | INFO: Run ParseTemplate Behavior [ RunTime:0.009525s ]
[ 2013-06-06T09:48:56+08:00 ] /new/index.php?a=company&m=company&cid=13 | INFO: Tag[ view_parse ] --END-- [ RunTime:0.009590s ]
[ 2013-06-06T09:48:56+08:00 ] /new/index.php?a=company&m=company&cid=13 | INFO: Tag[ view_filter ] --START--
[ 2013-06-06T09:48:56+08:00 ] /new/index.php?a=company&m=company&cid=13 | INFO: Run ContentReplace Behavior [ RunTime:0.000390s ]
[ 2013-06-06T09:48:56+08:00 ] /new/index.php?a=company&m=company&cid=13 | INFO: Run TokenBuild Behavior [ RunTime:0.000894s ]
[ 2013-06-06T09:48:56+08:00 ] /new/index.php?a=company&m=company&cid=13 | INFO: Run WriteHtmlCache Behavior [ RunTime:0.000203s ]
[ 2013-06-06T09:48:56+08:00 ] /new/index.php?a=company&m=company&cid=13 | INFO: Run ShowRuntime Behavior [ RunTime:0.000371s ]
[ 2013-06-06T09:48:56+08:00 ] /new/index.php?a=company&m=company&cid=13 | INFO: Tag[ view_filter ] --END-- [ RunTime:0.002009s ]
[ 2013-06-06T09:48:56+08:00 ] /new/index.php?a=company&m=company&cid=13 | INFO: Tag[ view_end ] --START--
[ 2013-06-06T09:48:56+08:00 ] /new/index.php?a=company&m=company&cid=13 | INFO: Run ShowPageTrace Behavior [ RunTime:0.000400s ]
[ 2013-06-06T09:48:56+08:00 ] /new/index.php?a=company&m=company&cid=13 | INFO: Tag[ view_end ] --END-- [ RunTime:0.000454s ]
[ 2013-06-06T09:49:48+08:00 ] /new/index.php?a=company&m=company&cid=13 | INFO: Tag[ app_begin ] --START--
[ 2013-06-06T09:49:48+08:00 ] /new/index.php?a=company&m=company&cid=13 | INFO: Run ReadHtmlCache Behavior [ RunTime:0.001443s ]
[ 2013-06-06T09:49:48+08:00 ] /new/index.php?a=company&m=company&cid=13 | INFO: Tag[ app_begin ] --END-- [ RunTime:0.001560s ]
[ 2013-06-06T09:49:48+08:00 ] /new/index.php?a=company&m=company&cid=13 | SQL: SHOW COLUMNS FROM `yjl_company` [ RunTime:0.001764s ]
[ 2013-06-06T09:49:48+08:00 ] /new/index.php?a=company&m=company&cid=13 | SQL: SELECT * FROM `yjl_company` WHERE id = 13 LIMIT 1   [ RunTime:0.000194s ]
[ 2013-06-06T09:49:48+08:00 ] /new/index.php?a=company&m=company&cid=13 | INFO: Tag[ view_template ] --START--
[ 2013-06-06T09:49:48+08:00 ] /new/index.php?a=company&m=company&cid=13 | INFO: Run LocationTemplate Behavior [ RunTime:0.001568s ]
[ 2013-06-06T09:49:48+08:00 ] /new/index.php?a=company&m=company&cid=13 | INFO: Tag[ view_template ] --END-- [ RunTime:0.001628s ]
[ 2013-06-06T09:49:48+08:00 ] /new/index.php?a=company&m=company&cid=13 | INFO: Tag[ view_parse ] --START--
[ 2013-06-06T09:49:48+08:00 ] /new/index.php?a=company&m=company&cid=13 | NOTIC: [8] Undefined variable: web_title 3abae84a575037d8046edc94b7d06c71.php 第 15 行.
[ 2013-06-06T09:49:48+08:00 ] /new/index.php?a=company&m=company&cid=13 | INFO: Run ParseTemplate Behavior [ RunTime:0.010593s ]
[ 2013-06-06T09:49:48+08:00 ] /new/index.php?a=company&m=company&cid=13 | INFO: Tag[ view_parse ] --END-- [ RunTime:0.010652s ]
[ 2013-06-06T09:49:48+08:00 ] /new/index.php?a=company&m=company&cid=13 | INFO: Tag[ view_filter ] --START--
[ 2013-06-06T09:49:48+08:00 ] /new/index.php?a=company&m=company&cid=13 | INFO: Run ContentReplace Behavior [ RunTime:0.000975s ]
[ 2013-06-06T09:49:48+08:00 ] /new/index.php?a=company&m=company&cid=13 | INFO: Run TokenBuild Behavior [ RunTime:0.000983s ]
[ 2013-06-06T09:49:48+08:00 ] /new/index.php?a=company&m=company&cid=13 | INFO: Run WriteHtmlCache Behavior [ RunTime:0.000861s ]
[ 2013-06-06T09:49:48+08:00 ] /new/index.php?a=company&m=company&cid=13 | INFO: Run ShowRuntime Behavior [ RunTime:0.001031s ]
[ 2013-06-06T09:49:48+08:00 ] /new/index.php?a=company&m=company&cid=13 | INFO: Tag[ view_filter ] --END-- [ RunTime:0.003984s ]
[ 2013-06-06T09:49:48+08:00 ] /new/index.php?a=company&m=company&cid=13 | INFO: Tag[ view_end ] --START--
[ 2013-06-06T09:49:48+08:00 ] /new/index.php?a=company&m=company&cid=13 | INFO: Run ShowPageTrace Behavior [ RunTime:0.001041s ]
[ 2013-06-06T09:49:48+08:00 ] /new/index.php?a=company&m=company&cid=13 | INFO: Tag[ view_end ] --END-- [ RunTime:0.001088s ]
[ 2013-06-06T09:50:22+08:00 ] /new/index.php?a=company&m=company&cid=13 | INFO: Tag[ app_begin ] --START--
[ 2013-06-06T09:50:22+08:00 ] /new/index.php?a=company&m=company&cid=13 | INFO: Run ReadHtmlCache Behavior [ RunTime:0.000844s ]
[ 2013-06-06T09:50:22+08:00 ] /new/index.php?a=company&m=company&cid=13 | INFO: Tag[ app_begin ] --END-- [ RunTime:0.001019s ]
[ 2013-06-06T09:50:22+08:00 ] /new/index.php?a=company&m=company&cid=13 | SQL: SHOW COLUMNS FROM `yjl_company` [ RunTime:0.001540s ]
[ 2013-06-06T09:50:22+08:00 ] /new/index.php?a=company&m=company&cid=13 | SQL: SELECT * FROM `yjl_company` WHERE id = 13 LIMIT 1   [ RunTime:0.000205s ]
[ 2013-06-06T09:50:22+08:00 ] /new/index.php?a=company&m=company&cid=13 | INFO: Tag[ view_template ] --START--
[ 2013-06-06T09:50:22+08:00 ] /new/index.php?a=company&m=company&cid=13 | INFO: Run LocationTemplate Behavior [ RunTime:0.000604s ]
[ 2013-06-06T09:50:22+08:00 ] /new/index.php?a=company&m=company&cid=13 | INFO: Tag[ view_template ] --END-- [ RunTime:0.000655s ]
[ 2013-06-06T09:50:22+08:00 ] /new/index.php?a=company&m=company&cid=13 | INFO: Tag[ view_parse ] --START--
[ 2013-06-06T09:50:22+08:00 ] /new/index.php?a=company&m=company&cid=13 | NOTIC: [8] Undefined variable: web_title 3abae84a575037d8046edc94b7d06c71.php 第 15 行.
[ 2013-06-06T09:50:22+08:00 ] /new/index.php?a=company&m=company&cid=13 | INFO: Run ParseTemplate Behavior [ RunTime:0.007965s ]
[ 2013-06-06T09:50:22+08:00 ] /new/index.php?a=company&m=company&cid=13 | INFO: Tag[ view_parse ] --END-- [ RunTime:0.008023s ]
[ 2013-06-06T09:50:22+08:00 ] /new/index.php?a=company&m=company&cid=13 | INFO: Tag[ view_filter ] --START--
[ 2013-06-06T09:50:22+08:00 ] /new/index.php?a=company&m=company&cid=13 | INFO: Run ContentReplace Behavior [ RunTime:0.000318s ]
[ 2013-06-06T09:50:22+08:00 ] /new/index.php?a=company&m=company&cid=13 | INFO: Run TokenBuild Behavior [ RunTime:0.000863s ]
[ 2013-06-06T09:50:22+08:00 ] /new/index.php?a=company&m=company&cid=13 | INFO: Run WriteHtmlCache Behavior [ RunTime:0.000201s ]
[ 2013-06-06T09:50:22+08:00 ] /new/index.php?a=company&m=company&cid=13 | INFO: Run ShowRuntime Behavior [ RunTime:0.000341s ]
[ 2013-06-06T09:50:22+08:00 ] /new/index.php?a=company&m=company&cid=13 | INFO: Tag[ view_filter ] --END-- [ RunTime:0.001856s ]
[ 2013-06-06T09:50:22+08:00 ] /new/index.php?a=company&m=company&cid=13 | INFO: Tag[ view_end ] --START--
[ 2013-06-06T09:50:22+08:00 ] /new/index.php?a=company&m=company&cid=13 | INFO: Run ShowPageTrace Behavior [ RunTime:0.000339s ]
[ 2013-06-06T09:50:22+08:00 ] /new/index.php?a=company&m=company&cid=13 | INFO: Tag[ view_end ] --END-- [ RunTime:0.000388s ]
[ 2013-06-06T09:50:39+08:00 ] /new/index.php?a=index&m=reserve&cid=13 | INFO: Tag[ app_begin ] --START--
[ 2013-06-06T09:50:39+08:00 ] /new/index.php?a=index&m=reserve&cid=13 | INFO: Run ReadHtmlCache Behavior [ RunTime:0.001091s ]
[ 2013-06-06T09:50:39+08:00 ] /new/index.php?a=index&m=reserve&cid=13 | INFO: Tag[ app_begin ] --END-- [ RunTime:0.001177s ]
[ 2013-06-06T09:50:39+08:00 ] /new/index.php?a=index&m=reserve&cid=13 | NOTIC: [8] Undefined index:  sid reserveAction.class.php 第 5 行.
[ 2013-06-06T09:50:39+08:00 ] /new/index.php?a=index&m=reserve&cid=13 | SQL: SHOW COLUMNS FROM `yjl_company` [ RunTime:0.001431s ]
[ 2013-06-06T09:50:39+08:00 ] /new/index.php?a=index&m=reserve&cid=13 | SQL: SELECT * FROM `yjl_company` WHERE id = 13 LIMIT 1   [ RunTime:0.000213s ]
[ 2013-06-06T09:50:39+08:00 ] /new/index.php?a=index&m=reserve&cid=13 | INFO: Tag[ view_template ] --START--
[ 2013-06-06T09:50:39+08:00 ] /new/index.php?a=index&m=reserve&cid=13 | INFO: Run LocationTemplate Behavior [ RunTime:0.001636s ]
[ 2013-06-06T09:50:39+08:00 ] /new/index.php?a=index&m=reserve&cid=13 | INFO: Tag[ view_template ] --END-- [ RunTime:0.001690s ]
[ 2013-06-06T09:50:39+08:00 ] /new/index.php?a=index&m=reserve&cid=13 | INFO: Tag[ view_parse ] --START--
[ 2013-06-06T09:50:39+08:00 ] /new/index.php?a=index&m=reserve&cid=13 | NOTIC: [8] Undefined variable: web_title 96e29c0886d6025c5d0468b2e6002afd.php 第 15 行.
[ 2013-06-06T09:50:39+08:00 ] /new/index.php?a=index&m=reserve&cid=13 | NOTIC: [8] Undefined variable: ref 96e29c0886d6025c5d0468b2e6002afd.php 第 31 行.
[ 2013-06-06T09:50:39+08:00 ] /new/index.php?a=index&m=reserve&cid=13 | NOTIC: [8] Undefined variable: sid 96e29c0886d6025c5d0468b2e6002afd.php 第 67 行.
[ 2013-06-06T09:50:39+08:00 ] /new/index.php?a=index&m=reserve&cid=13 | INFO: Run ParseTemplate Behavior [ RunTime:0.011599s ]
[ 2013-06-06T09:50:39+08:00 ] /new/index.php?a=index&m=reserve&cid=13 | INFO: Tag[ view_parse ] --END-- [ RunTime:0.011655s ]
[ 2013-06-06T09:50:39+08:00 ] /new/index.php?a=index&m=reserve&cid=13 | INFO: Tag[ view_filter ] --START--
[ 2013-06-06T09:50:39+08:00 ] /new/index.php?a=index&m=reserve&cid=13 | INFO: Run ContentReplace Behavior [ RunTime:0.000976s ]
[ 2013-06-06T09:50:39+08:00 ] /new/index.php?a=index&m=reserve&cid=13 | INFO: Run TokenBuild Behavior [ RunTime:0.001053s ]
[ 2013-06-06T09:50:39+08:00 ] /new/index.php?a=index&m=reserve&cid=13 | INFO: Run WriteHtmlCache Behavior [ RunTime:0.000894s ]
[ 2013-06-06T09:50:39+08:00 ] /new/index.php?a=index&m=reserve&cid=13 | INFO: Run ShowRuntime Behavior [ RunTime:0.001085s ]
[ 2013-06-06T09:50:39+08:00 ] /new/index.php?a=index&m=reserve&cid=13 | INFO: Tag[ view_filter ] --END-- [ RunTime:0.004175s ]
[ 2013-06-06T09:50:39+08:00 ] /new/index.php?a=index&m=reserve&cid=13 | INFO: Tag[ view_end ] --START--
[ 2013-06-06T09:50:39+08:00 ] /new/index.php?a=index&m=reserve&cid=13 | INFO: Run ShowPageTrace Behavior [ RunTime:0.001026s ]
[ 2013-06-06T09:50:39+08:00 ] /new/index.php?a=index&m=reserve&cid=13 | INFO: Tag[ view_end ] --END-- [ RunTime:0.001077s ]
[ 2013-06-06T09:56:06+08:00 ] /new/index.php?a=company&m=company&cid=13 | INFO: Tag[ app_begin ] --START--
[ 2013-06-06T09:56:06+08:00 ] /new/index.php?a=company&m=company&cid=13 | INFO: Run ReadHtmlCache Behavior [ RunTime:0.000886s ]
[ 2013-06-06T09:56:06+08:00 ] /new/index.php?a=company&m=company&cid=13 | INFO: Tag[ app_begin ] --END-- [ RunTime:0.000983s ]
[ 2013-06-06T09:56:06+08:00 ] /new/index.php?a=company&m=company&cid=13 | SQL: SHOW COLUMNS FROM `yjl_company` [ RunTime:0.001971s ]
[ 2013-06-06T09:56:06+08:00 ] /new/index.php?a=company&m=company&cid=13 | SQL: SELECT * FROM `yjl_company` WHERE id = 13 LIMIT 1   [ RunTime:0.000221s ]
[ 2013-06-06T09:56:06+08:00 ] /new/index.php?a=company&m=company&cid=13 | INFO: Tag[ view_template ] --START--
[ 2013-06-06T09:56:06+08:00 ] /new/index.php?a=company&m=company&cid=13 | INFO: Run LocationTemplate Behavior [ RunTime:0.001262s ]
[ 2013-06-06T09:56:06+08:00 ] /new/index.php?a=company&m=company&cid=13 | INFO: Tag[ view_template ] --END-- [ RunTime:0.001318s ]
[ 2013-06-06T09:56:06+08:00 ] /new/index.php?a=company&m=company&cid=13 | INFO: Tag[ view_parse ] --START--
[ 2013-06-06T09:56:06+08:00 ] /new/index.php?a=company&m=company&cid=13 | NOTIC: [8] Undefined variable: web_title 3abae84a575037d8046edc94b7d06c71.php 第 15 行.
[ 2013-06-06T09:56:06+08:00 ] /new/index.php?a=company&m=company&cid=13 | INFO: Run ParseTemplate Behavior [ RunTime:0.010231s ]
[ 2013-06-06T09:56:06+08:00 ] /new/index.php?a=company&m=company&cid=13 | INFO: Tag[ view_parse ] --END-- [ RunTime:0.010292s ]
[ 2013-06-06T09:56:06+08:00 ] /new/index.php?a=company&m=company&cid=13 | INFO: Tag[ view_filter ] --START--
[ 2013-06-06T09:56:06+08:00 ] /new/index.php?a=company&m=company&cid=13 | INFO: Run ContentReplace Behavior [ RunTime:0.000698s ]
[ 2013-06-06T09:56:06+08:00 ] /new/index.php?a=company&m=company&cid=13 | INFO: Run TokenBuild Behavior [ RunTime:0.001042s ]
[ 2013-06-06T09:56:06+08:00 ] /new/index.php?a=company&m=company&cid=13 | INFO: Run WriteHtmlCache Behavior [ RunTime:0.000548s ]
[ 2013-06-06T09:56:06+08:00 ] /new/index.php?a=company&m=company&cid=13 | INFO: Run ShowRuntime Behavior [ RunTime:0.000702s ]
[ 2013-06-06T09:56:06+08:00 ] /new/index.php?a=company&m=company&cid=13 | INFO: Tag[ view_filter ] --END-- [ RunTime:0.003145s ]
[ 2013-06-06T09:56:06+08:00 ] /new/index.php?a=company&m=company&cid=13 | INFO: Tag[ view_end ] --START--
[ 2013-06-06T09:56:06+08:00 ] /new/index.php?a=company&m=company&cid=13 | INFO: Run ShowPageTrace Behavior [ RunTime:0.000711s ]
[ 2013-06-06T09:56:06+08:00 ] /new/index.php?a=company&m=company&cid=13 | INFO: Tag[ view_end ] --END-- [ RunTime:0.000758s ]
[ 2013-06-06T09:56:08+08:00 ] /new/index.php?a=index&m=company | INFO: Tag[ app_begin ] --START--
[ 2013-06-06T09:56:08+08:00 ] /new/index.php?a=index&m=company | INFO: Run ReadHtmlCache Behavior [ RunTime:0.001099s ]
[ 2013-06-06T09:56:08+08:00 ] /new/index.php?a=index&m=company | INFO: Tag[ app_begin ] --END-- [ RunTime:0.001185s ]
[ 2013-06-06T09:56:08+08:00 ] /new/index.php?a=index&m=company | SQL: SHOW COLUMNS FROM `yjl_company` [ RunTime:0.001624s ]
[ 2013-06-06T09:56:08+08:00 ] /new/index.php?a=index&m=company | NOTIC: [8] Undefined index:  p companyModel.class.php 第 19 行.
[ 2013-06-06T09:56:08+08:00 ] /new/index.php?a=index&m=company | SQL: SELECT COUNT(*) AS tp_count FROM `yjl_company` WHERE status = 1 LIMIT 1   [ RunTime:0.000255s ]
[ 2013-06-06T09:56:08+08:00 ] /new/index.php?a=index&m=company | SQL: SELECT * FROM `yjl_company` WHERE status = 1 ORDER BY addtime DESC LIMIT 0,10   [ RunTime:0.000192s ]
[ 2013-06-06T09:56:08+08:00 ] /new/index.php?a=index&m=company | INFO: Tag[ view_template ] --START--
[ 2013-06-06T09:56:08+08:00 ] /new/index.php?a=index&m=company | INFO: Run LocationTemplate Behavior [ RunTime:0.001618s ]
[ 2013-06-06T09:56:08+08:00 ] /new/index.php?a=index&m=company | INFO: Tag[ view_template ] --END-- [ RunTime:0.001687s ]
[ 2013-06-06T09:56:08+08:00 ] /new/index.php?a=index&m=company | INFO: Tag[ view_parse ] --START--
[ 2013-06-06T09:56:08+08:00 ] /new/index.php?a=index&m=company | NOTIC: [8] Undefined variable: web_title 6f6189d60d35a8824621e017bad6bbe7.php 第 15 行.
[ 2013-06-06T09:56:08+08:00 ] /new/index.php?a=index&m=company | INFO: Run ParseTemplate Behavior [ RunTime:0.015463s ]
[ 2013-06-06T09:56:08+08:00 ] /new/index.php?a=index&m=company | INFO: Tag[ view_parse ] --END-- [ RunTime:0.015531s ]
[ 2013-06-06T09:56:08+08:00 ] /new/index.php?a=index&m=company | INFO: Tag[ view_filter ] --START--
[ 2013-06-06T09:56:08+08:00 ] /new/index.php?a=index&m=company | INFO: Run ContentReplace Behavior [ RunTime:0.001059s ]
[ 2013-06-06T09:56:08+08:00 ] /new/index.php?a=index&m=company | INFO: Run TokenBuild Behavior [ RunTime:0.001021s ]
[ 2013-06-06T09:56:08+08:00 ] /new/index.php?a=index&m=company | INFO: Run WriteHtmlCache Behavior [ RunTime:0.000878s ]
[ 2013-06-06T09:56:08+08:00 ] /new/index.php?a=index&m=company | INFO: Run ShowRuntime Behavior [ RunTime:0.001066s ]
[ 2013-06-06T09:56:08+08:00 ] /new/index.php?a=index&m=company | INFO: Tag[ view_filter ] --END-- [ RunTime:0.004166s ]
[ 2013-06-06T09:56:08+08:00 ] /new/index.php?a=index&m=company | INFO: Tag[ view_end ] --START--
[ 2013-06-06T09:56:08+08:00 ] /new/index.php?a=index&m=company | INFO: Run ShowPageTrace Behavior [ RunTime:0.001043s ]
[ 2013-06-06T09:56:08+08:00 ] /new/index.php?a=index&m=company | INFO: Tag[ view_end ] --END-- [ RunTime:0.001091s ]
[ 2013-06-06T09:57:29+08:00 ] /new/index.php?a=index&m=reserve&cid=13 | INFO: Tag[ app_begin ] --START--
[ 2013-06-06T09:57:29+08:00 ] /new/index.php?a=index&m=reserve&cid=13 | INFO: Run ReadHtmlCache Behavior [ RunTime:0.001526s ]
[ 2013-06-06T09:57:29+08:00 ] /new/index.php?a=index&m=reserve&cid=13 | INFO: Tag[ app_begin ] --END-- [ RunTime:0.001702s ]
[ 2013-06-06T09:57:29+08:00 ] /new/index.php?a=index&m=reserve&cid=13 | NOTIC: [8] Undefined index:  sid reserveAction.class.php 第 5 行.
[ 2013-06-06T09:57:29+08:00 ] /new/index.php?a=index&m=reserve&cid=13 | SQL: SHOW COLUMNS FROM `yjl_company` [ RunTime:0.001549s ]
[ 2013-06-06T09:57:29+08:00 ] /new/index.php?a=index&m=reserve&cid=13 | SQL: SELECT * FROM `yjl_company` WHERE id = 13 LIMIT 1   [ RunTime:0.000343s ]
[ 2013-06-06T09:57:29+08:00 ] /new/index.php?a=index&m=reserve&cid=13 | INFO: Tag[ view_template ] --START--
[ 2013-06-06T09:57:29+08:00 ] /new/index.php?a=index&m=reserve&cid=13 | INFO: Run LocationTemplate Behavior [ RunTime:0.001774s ]
[ 2013-06-06T09:57:29+08:00 ] /new/index.php?a=index&m=reserve&cid=13 | INFO: Tag[ view_template ] --END-- [ RunTime:0.001871s ]
[ 2013-06-06T09:57:29+08:00 ] /new/index.php?a=index&m=reserve&cid=13 | INFO: Tag[ view_parse ] --START--
[ 2013-06-06T09:57:29+08:00 ] /new/index.php?a=index&m=reserve&cid=13 | NOTIC: [8] Undefined variable: web_title 96e29c0886d6025c5d0468b2e6002afd.php 第 15 行.
[ 2013-06-06T09:57:29+08:00 ] /new/index.php?a=index&m=reserve&cid=13 | NOTIC: [8] Undefined variable: ref 96e29c0886d6025c5d0468b2e6002afd.php 第 31 行.
[ 2013-06-06T09:57:29+08:00 ] /new/index.php?a=index&m=reserve&cid=13 | NOTIC: [8] Undefined variable: sid 96e29c0886d6025c5d0468b2e6002afd.php 第 67 行.
[ 2013-06-06T09:57:29+08:00 ] /new/index.php?a=index&m=reserve&cid=13 | INFO: Run ParseTemplate Behavior [ RunTime:0.013087s ]
[ 2013-06-06T09:57:29+08:00 ] /new/index.php?a=index&m=reserve&cid=13 | INFO: Tag[ view_parse ] --END-- [ RunTime:0.013178s ]
[ 2013-06-06T09:57:29+08:00 ] /new/index.php?a=index&m=reserve&cid=13 | INFO: Tag[ view_filter ] --START--
[ 2013-06-06T09:57:29+08:00 ] /new/index.php?a=index&m=reserve&cid=13 | INFO: Run ContentReplace Behavior [ RunTime:0.000946s ]
[ 2013-06-06T09:57:29+08:00 ] /new/index.php?a=index&m=reserve&cid=13 | INFO: Run TokenBuild Behavior [ RunTime:0.001076s ]
[ 2013-06-06T09:57:29+08:00 ] /new/index.php?a=index&m=reserve&cid=13 | INFO: Run WriteHtmlCache Behavior [ RunTime:0.000549s ]
[ 2013-06-06T09:57:29+08:00 ] /new/index.php?a=index&m=reserve&cid=13 | INFO: Run ShowRuntime Behavior [ RunTime:0.000744s ]
[ 2013-06-06T09:57:29+08:00 ] /new/index.php?a=index&m=reserve&cid=13 | INFO: Tag[ view_filter ] --END-- [ RunTime:0.003479s ]
[ 2013-06-06T09:57:29+08:00 ] /new/index.php?a=index&m=reserve&cid=13 | INFO: Tag[ view_end ] --START--
[ 2013-06-06T09:57:29+08:00 ] /new/index.php?a=index&m=reserve&cid=13 | INFO: Run ShowPageTrace Behavior [ RunTime:0.000719s ]
[ 2013-06-06T09:57:29+08:00 ] /new/index.php?a=index&m=reserve&cid=13 | INFO: Tag[ view_end ] --END-- [ RunTime:0.000768s ]
[ 2013-06-06T10:17:13+08:00 ] /new/index.php?a=index&m=company | INFO: Tag[ app_begin ] --START--
[ 2013-06-06T10:17:13+08:00 ] /new/index.php?a=index&m=company | INFO: Run ReadHtmlCache Behavior [ RunTime:0.000781s ]
[ 2013-06-06T10:17:13+08:00 ] /new/index.php?a=index&m=company | INFO: Tag[ app_begin ] --END-- [ RunTime:0.000875s ]
[ 2013-06-06T10:17:13+08:00 ] /new/index.php?a=index&m=company | SQL: SHOW COLUMNS FROM `yjl_company` [ RunTime:0.001450s ]
[ 2013-06-06T10:17:13+08:00 ] /new/index.php?a=index&m=company | NOTIC: [8] Undefined index:  p companyModel.class.php 第 19 行.
[ 2013-06-06T10:17:13+08:00 ] /new/index.php?a=index&m=company | SQL: SELECT COUNT(*) AS tp_count FROM `yjl_company` WHERE status = 1 LIMIT 1   [ RunTime:0.000185s ]
[ 2013-06-06T10:17:13+08:00 ] /new/index.php?a=index&m=company | SQL: SELECT * FROM `yjl_company` WHERE status = 1 ORDER BY addtime DESC LIMIT 0,10   [ RunTime:0.000216s ]
[ 2013-06-06T10:17:13+08:00 ] /new/index.php?a=index&m=company | INFO: Tag[ view_template ] --START--
[ 2013-06-06T10:17:13+08:00 ] /new/index.php?a=index&m=company | INFO: Run LocationTemplate Behavior [ RunTime:0.001211s ]
[ 2013-06-06T10:17:13+08:00 ] /new/index.php?a=index&m=company | INFO: Tag[ view_template ] --END-- [ RunTime:0.001267s ]
[ 2013-06-06T10:17:13+08:00 ] /new/index.php?a=index&m=company | INFO: Tag[ view_parse ] --START--
[ 2013-06-06T10:17:13+08:00 ] /new/index.php?a=index&m=company | NOTIC: [8] Undefined variable: web_title 6f6189d60d35a8824621e017bad6bbe7.php 第 15 行.
[ 2013-06-06T10:17:13+08:00 ] /new/index.php?a=index&m=company | INFO: Run ParseTemplate Behavior [ RunTime:0.010831s ]
[ 2013-06-06T10:17:13+08:00 ] /new/index.php?a=index&m=company | INFO: Tag[ view_parse ] --END-- [ RunTime:0.010895s ]
[ 2013-06-06T10:17:13+08:00 ] /new/index.php?a=index&m=company | INFO: Tag[ view_filter ] --START--
[ 2013-06-06T10:17:13+08:00 ] /new/index.php?a=index&m=company | INFO: Run ContentReplace Behavior [ RunTime:0.000850s ]
[ 2013-06-06T10:17:13+08:00 ] /new/index.php?a=index&m=company | INFO: Run TokenBuild Behavior [ RunTime:0.001088s ]
[ 2013-06-06T10:17:13+08:00 ] /new/index.php?a=index&m=company | INFO: Run WriteHtmlCache Behavior [ RunTime:0.000559s ]
[ 2013-06-06T10:17:13+08:00 ] /new/index.php?a=index&m=company | INFO: Run ShowRuntime Behavior [ RunTime:0.000703s ]
[ 2013-06-06T10:17:13+08:00 ] /new/index.php?a=index&m=company | INFO: Tag[ view_filter ] --END-- [ RunTime:0.003358s ]
[ 2013-06-06T10:17:13+08:00 ] /new/index.php?a=index&m=company | INFO: Tag[ view_end ] --START--
[ 2013-06-06T10:17:13+08:00 ] /new/index.php?a=index&m=company | INFO: Run ShowPageTrace Behavior [ RunTime:0.000695s ]
[ 2013-06-06T10:17:13+08:00 ] /new/index.php?a=index&m=company | INFO: Tag[ view_end ] --END-- [ RunTime:0.000743s ]
[ 2013-06-06T10:17:28+08:00 ] /new/index.php?a=index&m=supervisor | INFO: Tag[ app_begin ] --START--
[ 2013-06-06T10:17:28+08:00 ] /new/index.php?a=index&m=supervisor | INFO: Run ReadHtmlCache Behavior [ RunTime:0.000907s ]
[ 2013-06-06T10:17:28+08:00 ] /new/index.php?a=index&m=supervisor | INFO: Tag[ app_begin ] --END-- [ RunTime:0.001071s ]
[ 2013-06-06T10:17:28+08:00 ] /new/index.php?a=index&m=supervisor | SQL: SHOW COLUMNS FROM `yjl_supervisors` [ RunTime:0.001768s ]
[ 2013-06-06T10:17:28+08:00 ] /new/index.php?a=index&m=supervisor | NOTIC: [8] Undefined index:  f supervisorAction.class.php 第 8 行.
[ 2013-06-06T10:17:28+08:00 ] /new/index.php?a=index&m=supervisor | NOTIC: [8] Undefined index:  p supervisorModel.class.php 第 37 行.
[ 2013-06-06T10:17:28+08:00 ] /new/index.php?a=index&m=supervisor | SQL: SELECT COUNT(*) AS tp_count FROM `yjl_supervisors` WHERE profession = 1 LIMIT 1   [ RunTime:0.000226s ]
[ 2013-06-06T10:17:28+08:00 ] /new/index.php?a=index&m=supervisor | SQL: SELECT yjl_company.name as company,yjl_company.region,yjl_supervisors.* FROM `yjl_supervisors` LEFT JOIN yjl_company ON yjl_company.id = yjl_supervisors.cid WHERE profession = 1 ORDER BY addtime DESC LIMIT 0,1   [ RunTime:0.000198s ]
[ 2013-06-06T10:17:28+08:00 ] /new/index.php?a=index&m=supervisor | INFO: Tag[ view_template ] --START--
[ 2013-06-06T10:17:28+08:00 ] /new/index.php?a=index&m=supervisor | INFO: Run LocationTemplate Behavior [ RunTime:0.000889s ]
[ 2013-06-06T10:17:28+08:00 ] /new/index.php?a=index&m=supervisor | INFO: Tag[ view_template ] --END-- [ RunTime:0.000950s ]
[ 2013-06-06T10:17:28+08:00 ] /new/index.php?a=index&m=supervisor | INFO: Tag[ view_parse ] --START--
[ 2013-06-06T10:17:28+08:00 ] /new/index.php?a=index&m=supervisor | NOTIC: [8] Undefined variable: web_title 8fc1b62dd067a8ae227fdf05b24233d5.php 第 15 行.
[ 2013-06-06T10:17:28+08:00 ] /new/index.php?a=index&m=supervisor | INFO: Run ParseTemplate Behavior [ RunTime:0.014408s ]
[ 2013-06-06T10:17:28+08:00 ] /new/index.php?a=index&m=supervisor | INFO: Tag[ view_parse ] --END-- [ RunTime:0.014474s ]
[ 2013-06-06T10:17:28+08:00 ] /new/index.php?a=index&m=supervisor | INFO: Tag[ view_filter ] --START--
[ 2013-06-06T10:17:28+08:00 ] /new/index.php?a=index&m=supervisor | INFO: Run ContentReplace Behavior [ RunTime:0.000334s ]
[ 2013-06-06T10:17:28+08:00 ] /new/index.php?a=index&m=supervisor | INFO: Run TokenBuild Behavior [ RunTime:0.001001s ]
[ 2013-06-06T10:17:28+08:00 ] /new/index.php?a=index&m=supervisor | INFO: Run WriteHtmlCache Behavior [ RunTime:0.000306s ]
[ 2013-06-06T10:17:28+08:00 ] /new/index.php?a=index&m=supervisor | INFO: Run ShowRuntime Behavior [ RunTime:0.000534s ]
[ 2013-06-06T10:17:28+08:00 ] /new/index.php?a=index&m=supervisor | INFO: Tag[ view_filter ] --END-- [ RunTime:0.002373s ]
[ 2013-06-06T10:17:28+08:00 ] /new/index.php?a=index&m=supervisor | INFO: Tag[ view_end ] --START--
[ 2013-06-06T10:17:28+08:00 ] /new/index.php?a=index&m=supervisor | INFO: Run ShowPageTrace Behavior [ RunTime:0.000406s ]
[ 2013-06-06T10:17:28+08:00 ] /new/index.php?a=index&m=supervisor | INFO: Tag[ view_end ] --END-- [ RunTime:0.000466s ]
[ 2013-06-06T10:17:30+08:00 ] /new/index.php?a=index&m=supervisor&f=2 | INFO: Tag[ app_begin ] --START--
[ 2013-06-06T10:17:30+08:00 ] /new/index.php?a=index&m=supervisor&f=2 | INFO: Run ReadHtmlCache Behavior [ RunTime:0.000905s ]
[ 2013-06-06T10:17:30+08:00 ] /new/index.php?a=index&m=supervisor&f=2 | INFO: Tag[ app_begin ] --END-- [ RunTime:0.001064s ]
[ 2013-06-06T10:17:30+08:00 ] /new/index.php?a=index&m=supervisor&f=2 | SQL: SHOW COLUMNS FROM `yjl_supervisors` [ RunTime:0.001301s ]
[ 2013-06-06T10:17:30+08:00 ] /new/index.php?a=index&m=supervisor&f=2 | NOTIC: [8] Undefined index:  p supervisorModel.class.php 第 37 行.
[ 2013-06-06T10:17:30+08:00 ] /new/index.php?a=index&m=supervisor&f=2 | SQL: SELECT COUNT(*) AS tp_count FROM `yjl_supervisors` WHERE profession = 2 LIMIT 1   [ RunTime:0.000183s ]
[ 2013-06-06T10:17:30+08:00 ] /new/index.php?a=index&m=supervisor&f=2 | SQL: SELECT yjl_company.name as company,yjl_company.region,yjl_supervisors.* FROM `yjl_supervisors` LEFT JOIN yjl_company ON yjl_company.id = yjl_supervisors.cid WHERE profession = 2 ORDER BY addtime DESC LIMIT 0,1   [ RunTime:0.000191s ]
[ 2013-06-06T10:17:30+08:00 ] /new/index.php?a=index&m=supervisor&f=2 | INFO: Tag[ view_template ] --START--
[ 2013-06-06T10:17:30+08:00 ] /new/index.php?a=index&m=supervisor&f=2 | INFO: Run LocationTemplate Behavior [ RunTime:0.000897s ]
[ 2013-06-06T10:17:30+08:00 ] /new/index.php?a=index&m=supervisor&f=2 | INFO: Tag[ view_template ] --END-- [ RunTime:0.000954s ]
[ 2013-06-06T10:17:30+08:00 ] /new/index.php?a=index&m=supervisor&f=2 | INFO: Tag[ view_parse ] --START--
[ 2013-06-06T10:17:30+08:00 ] /new/index.php?a=index&m=supervisor&f=2 | NOTIC: [8] Undefined variable: web_title 8fc1b62dd067a8ae227fdf05b24233d5.php 第 15 行.
[ 2013-06-06T10:17:30+08:00 ] /new/index.php?a=index&m=supervisor&f=2 | NOTIC: [8] Undefined index:  images 8fc1b62dd067a8ae227fdf05b24233d5.php 第 45 行.
[ 2013-06-06T10:17:30+08:00 ] /new/index.php?a=index&m=supervisor&f=2 | NOTIC: [8] Undefined index:  images 8fc1b62dd067a8ae227fdf05b24233d5.php 第 45 行.
[ 2013-06-06T10:17:30+08:00 ] /new/index.php?a=index&m=supervisor&f=2 | NOTIC: [8] Undefined index:  images 8fc1b62dd067a8ae227fdf05b24233d5.php 第 46 行.
[ 2013-06-06T10:17:30+08:00 ] /new/index.php?a=index&m=supervisor&f=2 | NOTIC: [8] Undefined index:  images 8fc1b62dd067a8ae227fdf05b24233d5.php 第 46 行.
[ 2013-06-06T10:17:30+08:00 ] /new/index.php?a=index&m=supervisor&f=2 | NOTIC: [8] Undefined index:  images 8fc1b62dd067a8ae227fdf05b24233d5.php 第 47 行.
[ 2013-06-06T10:17:30+08:00 ] /new/index.php?a=index&m=supervisor&f=2 | NOTIC: [8] Undefined index:  images 8fc1b62dd067a8ae227fdf05b24233d5.php 第 47 行.
[ 2013-06-06T10:17:30+08:00 ] /new/index.php?a=index&m=supervisor&f=2 | INFO: Run ParseTemplate Behavior [ RunTime:0.012269s ]
[ 2013-06-06T10:17:30+08:00 ] /new/index.php?a=index&m=supervisor&f=2 | INFO: Tag[ view_parse ] --END-- [ RunTime:0.012329s ]
[ 2013-06-06T10:17:30+08:00 ] /new/index.php?a=index&m=supervisor&f=2 | INFO: Tag[ view_filter ] --START--
[ 2013-06-06T10:17:30+08:00 ] /new/index.php?a=index&m=supervisor&f=2 | INFO: Run ContentReplace Behavior [ RunTime:0.000378s ]
[ 2013-06-06T10:17:30+08:00 ] /new/index.php?a=index&m=supervisor&f=2 | INFO: Run TokenBuild Behavior [ RunTime:0.000942s ]
[ 2013-06-06T10:17:30+08:00 ] /new/index.php?a=index&m=supervisor&f=2 | INFO: Run WriteHtmlCache Behavior [ RunTime:0.000208s ]
[ 2013-06-06T10:17:30+08:00 ] /new/index.php?a=index&m=supervisor&f=2 | INFO: Run ShowRuntime Behavior [ RunTime:0.000363s ]
[ 2013-06-06T10:17:30+08:00 ] /new/index.php?a=index&m=supervisor&f=2 | INFO: Tag[ view_filter ] --END-- [ RunTime:0.002039s ]
[ 2013-06-06T10:17:30+08:00 ] /new/index.php?a=index&m=supervisor&f=2 | INFO: Tag[ view_end ] --START--
[ 2013-06-06T10:17:30+08:00 ] /new/index.php?a=index&m=supervisor&f=2 | INFO: Run ShowPageTrace Behavior [ RunTime:0.000346s ]
[ 2013-06-06T10:17:30+08:00 ] /new/index.php?a=index&m=supervisor&f=2 | INFO: Tag[ view_end ] --END-- [ RunTime:0.000393s ]
[ 2013-06-06T10:18:37+08:00 ] /new/index.php?a=index&m=supervisor&f=2 | INFO: Tag[ app_begin ] --START--
[ 2013-06-06T10:18:37+08:00 ] /new/index.php?a=index&m=supervisor&f=2 | INFO: Run ReadHtmlCache Behavior [ RunTime:0.000847s ]
[ 2013-06-06T10:18:37+08:00 ] /new/index.php?a=index&m=supervisor&f=2 | INFO: Tag[ app_begin ] --END-- [ RunTime:0.001004s ]
[ 2013-06-06T10:18:37+08:00 ] /new/index.php?a=index&m=supervisor&f=2 | SQL: SHOW COLUMNS FROM `yjl_supervisors` [ RunTime:0.001450s ]
[ 2013-06-06T10:18:37+08:00 ] /new/index.php?a=index&m=supervisor&f=2 | NOTIC: [8] Undefined index:  p supervisorModel.class.php 第 37 行.
[ 2013-06-06T10:18:37+08:00 ] /new/index.php?a=index&m=supervisor&f=2 | SQL: SELECT COUNT(*) AS tp_count FROM `yjl_supervisors` WHERE profession = 2 LIMIT 1   [ RunTime:0.000194s ]
[ 2013-06-06T10:18:37+08:00 ] /new/index.php?a=index&m=supervisor&f=2 | SQL: SELECT yjl_company.name as company,yjl_company.region,yjl_supervisors.* FROM `yjl_supervisors` LEFT JOIN yjl_company ON yjl_company.id = yjl_supervisors.cid WHERE profession = 2 ORDER BY addtime DESC LIMIT 0,1   [ RunTime:0.000215s ]
[ 2013-06-06T10:18:37+08:00 ] /new/index.php?a=index&m=supervisor&f=2 | INFO: Tag[ view_template ] --START--
[ 2013-06-06T10:18:37+08:00 ] /new/index.php?a=index&m=supervisor&f=2 | INFO: Run LocationTemplate Behavior [ RunTime:0.000884s ]
[ 2013-06-06T10:18:37+08:00 ] /new/index.php?a=index&m=supervisor&f=2 | INFO: Tag[ view_template ] --END-- [ RunTime:0.000938s ]
[ 2013-06-06T10:18:37+08:00 ] /new/index.php?a=index&m=supervisor&f=2 | INFO: Tag[ view_parse ] --START--
[ 2013-06-06T10:18:37+08:00 ] /new/index.php?a=index&m=supervisor&f=2 | NOTIC: [8] Undefined variable: web_title 8fc1b62dd067a8ae227fdf05b24233d5.php 第 15 行.
[ 2013-06-06T10:18:37+08:00 ] /new/index.php?a=index&m=supervisor&f=2 | NOTIC: [8] Undefined index:  images 8fc1b62dd067a8ae227fdf05b24233d5.php 第 45 行.
[ 2013-06-06T10:18:37+08:00 ] /new/index.php?a=index&m=supervisor&f=2 | NOTIC: [8] Undefined index:  images 8fc1b62dd067a8ae227fdf05b24233d5.php 第 45 行.
[ 2013-06-06T10:18:37+08:00 ] /new/index.php?a=index&m=supervisor&f=2 | NOTIC: [8] Undefined index:  images 8fc1b62dd067a8ae227fdf05b24233d5.php 第 46 行.
[ 2013-06-06T10:18:37+08:00 ] /new/index.php?a=index&m=supervisor&f=2 | NOTIC: [8] Undefined index:  images 8fc1b62dd067a8ae227fdf05b24233d5.php 第 46 行.
[ 2013-06-06T10:18:37+08:00 ] /new/index.php?a=index&m=supervisor&f=2 | NOTIC: [8] Undefined index:  images 8fc1b62dd067a8ae227fdf05b24233d5.php 第 47 行.
[ 2013-06-06T10:18:37+08:00 ] /new/index.php?a=index&m=supervisor&f=2 | NOTIC: [8] Undefined index:  images 8fc1b62dd067a8ae227fdf05b24233d5.php 第 47 行.
[ 2013-06-06T10:18:37+08:00 ] /new/index.php?a=index&m=supervisor&f=2 | INFO: Run ParseTemplate Behavior [ RunTime:0.011798s ]
[ 2013-06-06T10:18:37+08:00 ] /new/index.php?a=index&m=supervisor&f=2 | INFO: Tag[ view_parse ] --END-- [ RunTime:0.011855s ]
[ 2013-06-06T10:18:37+08:00 ] /new/index.php?a=index&m=supervisor&f=2 | INFO: Tag[ view_filter ] --START--
[ 2013-06-06T10:18:37+08:00 ] /new/index.php?a=index&m=supervisor&f=2 | INFO: Run ContentReplace Behavior [ RunTime:0.000304s ]
[ 2013-06-06T10:18:37+08:00 ] /new/index.php?a=index&m=supervisor&f=2 | INFO: Run TokenBuild Behavior [ RunTime:0.000900s ]
[ 2013-06-06T10:18:37+08:00 ] /new/index.php?a=index&m=supervisor&f=2 | INFO: Run WriteHtmlCache Behavior [ RunTime:0.000207s ]
[ 2013-06-06T10:18:37+08:00 ] /new/index.php?a=index&m=supervisor&f=2 | INFO: Run ShowRuntime Behavior [ RunTime:0.000350s ]
[ 2013-06-06T10:18:37+08:00 ] /new/index.php?a=index&m=supervisor&f=2 | INFO: Tag[ view_filter ] --END-- [ RunTime:0.001891s ]
[ 2013-06-06T10:18:37+08:00 ] /new/index.php?a=index&m=supervisor&f=2 | INFO: Tag[ view_end ] --START--
[ 2013-06-06T10:18:37+08:00 ] /new/index.php?a=index&m=supervisor&f=2 | INFO: Run ShowPageTrace Behavior [ RunTime:0.000343s ]
[ 2013-06-06T10:18:37+08:00 ] /new/index.php?a=index&m=supervisor&f=2 | INFO: Tag[ view_end ] --END-- [ RunTime:0.000388s ]
[ 2013-06-06T10:18:39+08:00 ] /new/index.php?a=supervisor&m=supervisor&sid=3 | INFO: Tag[ app_begin ] --START--
[ 2013-06-06T10:18:39+08:00 ] /new/index.php?a=supervisor&m=supervisor&sid=3 | INFO: Run ReadHtmlCache Behavior [ RunTime:0.000844s ]
[ 2013-06-06T10:18:39+08:00 ] /new/index.php?a=supervisor&m=supervisor&sid=3 | INFO: Tag[ app_begin ] --END-- [ RunTime:0.000938s ]
[ 2013-06-06T10:18:39+08:00 ] /new/index.php?a=supervisor&m=supervisor&sid=3 | SQL: SHOW COLUMNS FROM `yjl_supervisors` [ RunTime:0.001450s ]
[ 2013-06-06T10:18:39+08:00 ] /new/index.php?a=supervisor&m=supervisor&sid=3 | SQL: SELECT * FROM `yjl_supervisors` WHERE id = 3 LIMIT 1   [ RunTime:0.000336s ]
[ 2013-06-06T10:18:39+08:00 ] /new/index.php?a=supervisor&m=supervisor&sid=3 | INFO: Tag[ view_template ] --START--
[ 2013-06-06T10:18:39+08:00 ] /new/index.php?a=supervisor&m=supervisor&sid=3 | INFO: Run LocationTemplate Behavior [ RunTime:0.001501s ]
[ 2013-06-06T10:18:39+08:00 ] /new/index.php?a=supervisor&m=supervisor&sid=3 | INFO: Tag[ view_template ] --END-- [ RunTime:0.001570s ]
[ 2013-06-06T10:18:39+08:00 ] /new/index.php?a=supervisor&m=supervisor&sid=3 | INFO: Tag[ view_parse ] --START--
[ 2013-06-06T10:18:39+08:00 ] /new/index.php?a=supervisor&m=supervisor&sid=3 | NOTIC: [8] Undefined variable: web_title 33f98ae2b7bc8a43b4e8d698ad13949f.php 第 15 行.
[ 2013-06-06T10:18:39+08:00 ] /new/index.php?a=supervisor&m=supervisor&sid=3 | NOTIC: [8] Undefined index:  company 33f98ae2b7bc8a43b4e8d698ad13949f.php 第 30 行.
[ 2013-06-06T10:18:39+08:00 ] /new/index.php?a=supervisor&m=supervisor&sid=3 | NOTIC: [8] Undefined index:  region 33f98ae2b7bc8a43b4e8d698ad13949f.php 第 31 行.
[ 2013-06-06T10:18:39+08:00 ] /new/index.php?a=supervisor&m=supervisor&sid=3 | NOTIC: [8] Undefined variable: caselist 33f98ae2b7bc8a43b4e8d698ad13949f.php 第 37 行.
[ 2013-06-06T10:18:39+08:00 ] /new/index.php?a=supervisor&m=supervisor&sid=3 | INFO: Run ParseTemplate Behavior [ RunTime:0.014106s ]
[ 2013-06-06T10:18:39+08:00 ] /new/index.php?a=supervisor&m=supervisor&sid=3 | INFO: Tag[ view_parse ] --END-- [ RunTime:0.014171s ]
[ 2013-06-06T10:18:39+08:00 ] /new/index.php?a=supervisor&m=supervisor&sid=3 | INFO: Tag[ view_filter ] --START--
[ 2013-06-06T10:18:39+08:00 ] /new/index.php?a=supervisor&m=supervisor&sid=3 | INFO: Run ContentReplace Behavior [ RunTime:0.000687s ]
[ 2013-06-06T10:18:39+08:00 ] /new/index.php?a=supervisor&m=supervisor&sid=3 | INFO: Run TokenBuild Behavior [ RunTime:0.001012s ]
[ 2013-06-06T10:18:39+08:00 ] /new/index.php?a=supervisor&m=supervisor&sid=3 | INFO: Run WriteHtmlCache Behavior [ RunTime:0.000555s ]
[ 2013-06-06T10:18:39+08:00 ] /new/index.php?a=supervisor&m=supervisor&sid=3 | INFO: Run ShowRuntime Behavior [ RunTime:0.000715s ]
[ 2013-06-06T10:18:39+08:00 ] /new/index.php?a=supervisor&m=supervisor&sid=3 | INFO: Tag[ view_filter ] --END-- [ RunTime:0.003122s ]
[ 2013-06-06T10:18:39+08:00 ] /new/index.php?a=supervisor&m=supervisor&sid=3 | INFO: Tag[ view_end ] --START--
[ 2013-06-06T10:18:39+08:00 ] /new/index.php?a=supervisor&m=supervisor&sid=3 | INFO: Run ShowPageTrace Behavior [ RunTime:0.000752s ]
[ 2013-06-06T10:18:39+08:00 ] /new/index.php?a=supervisor&m=supervisor&sid=3 | INFO: Tag[ view_end ] --END-- [ RunTime:0.000842s ]
[ 2013-06-06T10:19:37+08:00 ] /new/index.php?a=supervisor&m=supervisor&sid=3 | INFO: Tag[ app_begin ] --START--
[ 2013-06-06T10:19:37+08:00 ] /new/index.php?a=supervisor&m=supervisor&sid=3 | INFO: Run ReadHtmlCache Behavior [ RunTime:0.000772s ]
[ 2013-06-06T10:19:37+08:00 ] /new/index.php?a=supervisor&m=supervisor&sid=3 | INFO: Tag[ app_begin ] --END-- [ RunTime:0.000869s ]
[ 2013-06-06T10:19:37+08:00 ] /new/index.php?a=supervisor&m=supervisor&sid=3 | SQL: SHOW COLUMNS FROM `yjl_supervisors` [ RunTime:0.001470s ]
[ 2013-06-06T10:19:37+08:00 ] /new/index.php?a=supervisor&m=supervisor&sid=3 | SQL: SELECT * FROM `yjl_supervisors` WHERE id = 3 LIMIT 1   [ RunTime:0.000220s ]
[ 2013-06-06T10:19:37+08:00 ] /new/index.php?a=supervisor&m=supervisor&sid=3 | INFO: Tag[ view_template ] --START--
[ 2013-06-06T10:19:37+08:00 ] /new/index.php?a=supervisor&m=supervisor&sid=3 | INFO: Run LocationTemplate Behavior [ RunTime:0.001283s ]
[ 2013-06-06T10:19:37+08:00 ] /new/index.php?a=supervisor&m=supervisor&sid=3 | INFO: Tag[ view_template ] --END-- [ RunTime:0.001338s ]
[ 2013-06-06T10:19:37+08:00 ] /new/index.php?a=supervisor&m=supervisor&sid=3 | INFO: Tag[ view_parse ] --START--
[ 2013-06-06T10:19:37+08:00 ] /new/index.php?a=supervisor&m=supervisor&sid=3 | NOTIC: [8] Undefined variable: web_title 33f98ae2b7bc8a43b4e8d698ad13949f.php 第 15 行.
[ 2013-06-06T10:19:37+08:00 ] /new/index.php?a=supervisor&m=supervisor&sid=3 | NOTIC: [8] Undefined index:  company 33f98ae2b7bc8a43b4e8d698ad13949f.php 第 31 行.
[ 2013-06-06T10:19:37+08:00 ] /new/index.php?a=supervisor&m=supervisor&sid=3 | NOTIC: [8] Undefined index:  region 33f98ae2b7bc8a43b4e8d698ad13949f.php 第 32 行.
[ 2013-06-06T10:19:37+08:00 ] /new/index.php?a=supervisor&m=supervisor&sid=3 | NOTIC: [8] Undefined variable: caselist 33f98ae2b7bc8a43b4e8d698ad13949f.php 第 38 行.
[ 2013-06-06T10:19:37+08:00 ] /new/index.php?a=supervisor&m=supervisor&sid=3 | INFO: Run ParseTemplate Behavior [ RunTime:0.010766s ]
[ 2013-06-06T10:19:37+08:00 ] /new/index.php?a=supervisor&m=supervisor&sid=3 | INFO: Tag[ view_parse ] --END-- [ RunTime:0.010825s ]
[ 2013-06-06T10:19:37+08:00 ] /new/index.php?a=supervisor&m=supervisor&sid=3 | INFO: Tag[ view_filter ] --START--
[ 2013-06-06T10:19:37+08:00 ] /new/index.php?a=supervisor&m=supervisor&sid=3 | INFO: Run ContentReplace Behavior [ RunTime:0.000790s ]
[ 2013-06-06T10:19:37+08:00 ] /new/index.php?a=supervisor&m=supervisor&sid=3 | INFO: Run TokenBuild Behavior [ RunTime:0.001014s ]
[ 2013-06-06T10:19:37+08:00 ] /new/index.php?a=supervisor&m=supervisor&sid=3 | INFO: Run WriteHtmlCache Behavior [ RunTime:0.000554s ]
[ 2013-06-06T10:19:37+08:00 ] /new/index.php?a=supervisor&m=supervisor&sid=3 | INFO: Run ShowRuntime Behavior [ RunTime:0.000718s ]
[ 2013-06-06T10:19:37+08:00 ] /new/index.php?a=supervisor&m=supervisor&sid=3 | INFO: Tag[ view_filter ] --END-- [ RunTime:0.003218s ]
[ 2013-06-06T10:19:37+08:00 ] /new/index.php?a=supervisor&m=supervisor&sid=3 | INFO: Tag[ view_end ] --START--
[ 2013-06-06T10:19:37+08:00 ] /new/index.php?a=supervisor&m=supervisor&sid=3 | INFO: Run ShowPageTrace Behavior [ RunTime:0.000703s ]
[ 2013-06-06T10:19:37+08:00 ] /new/index.php?a=supervisor&m=supervisor&sid=3 | INFO: Tag[ view_end ] --END-- [ RunTime:0.000752s ]
[ 2013-06-06T10:21:11+08:00 ] /new/index.php?a=supervisor&m=supervisor&sid=3 | INFO: Tag[ app_begin ] --START--
[ 2013-06-06T10:21:11+08:00 ] /new/index.php?a=supervisor&m=supervisor&sid=3 | INFO: Run ReadHtmlCache Behavior [ RunTime:0.001165s ]
[ 2013-06-06T10:21:11+08:00 ] /new/index.php?a=supervisor&m=supervisor&sid=3 | INFO: Tag[ app_begin ] --END-- [ RunTime:0.001251s ]
[ 2013-06-06T10:21:11+08:00 ] /new/index.php?a=supervisor&m=supervisor&sid=3 | SQL: SHOW COLUMNS FROM `yjl_supervisors` [ RunTime:0.001795s ]
[ 2013-06-06T10:21:11+08:00 ] /new/index.php?a=supervisor&m=supervisor&sid=3 | SQL: SELECT * FROM `yjl_supervisors` WHERE id = 3 LIMIT 1   [ RunTime:0.000222s ]
[ 2013-06-06T10:21:11+08:00 ] /new/index.php?a=supervisor&m=supervisor&sid=3 | INFO: Tag[ view_template ] --START--
[ 2013-06-06T10:21:11+08:00 ] /new/index.php?a=supervisor&m=supervisor&sid=3 | INFO: Run LocationTemplate Behavior [ RunTime:0.001748s ]
[ 2013-06-06T10:21:11+08:00 ] /new/index.php?a=supervisor&m=supervisor&sid=3 | INFO: Tag[ view_template ] --END-- [ RunTime:0.001804s ]
[ 2013-06-06T10:21:11+08:00 ] /new/index.php?a=supervisor&m=supervisor&sid=3 | INFO: Tag[ view_parse ] --START--
[ 2013-06-06T10:21:11+08:00 ] /new/index.php?a=supervisor&m=supervisor&sid=3 | NOTIC: [8] Undefined variable: web_title 33f98ae2b7bc8a43b4e8d698ad13949f.php 第 15 行.
[ 2013-06-06T10:21:11+08:00 ] /new/index.php?a=supervisor&m=supervisor&sid=3 | NOTIC: [8] Undefined index:  company 33f98ae2b7bc8a43b4e8d698ad13949f.php 第 31 行.
[ 2013-06-06T10:21:11+08:00 ] /new/index.php?a=supervisor&m=supervisor&sid=3 | NOTIC: [8] Undefined index:  region 33f98ae2b7bc8a43b4e8d698ad13949f.php 第 32 行.
[ 2013-06-06T10:21:11+08:00 ] /new/index.php?a=supervisor&m=supervisor&sid=3 | NOTIC: [8] Undefined variable: caselist 33f98ae2b7bc8a43b4e8d698ad13949f.php 第 38 行.
[ 2013-06-06T10:21:11+08:00 ] /new/index.php?a=supervisor&m=supervisor&sid=3 | INFO: Run ParseTemplate Behavior [ RunTime:0.016380s ]
[ 2013-06-06T10:21:11+08:00 ] /new/index.php?a=supervisor&m=supervisor&sid=3 | INFO: Tag[ view_parse ] --END-- [ RunTime:0.016439s ]
[ 2013-06-06T10:21:11+08:00 ] /new/index.php?a=supervisor&m=supervisor&sid=3 | INFO: Tag[ view_filter ] --START--
[ 2013-06-06T10:21:11+08:00 ] /new/index.php?a=supervisor&m=supervisor&sid=3 | INFO: Run ContentReplace Behavior [ RunTime:0.000998s ]
[ 2013-06-06T10:21:11+08:00 ] /new/index.php?a=supervisor&m=supervisor&sid=3 | INFO: Run TokenBuild Behavior [ RunTime:0.001177s ]
[ 2013-06-06T10:21:11+08:00 ] /new/index.php?a=supervisor&m=supervisor&sid=3 | INFO: Run WriteHtmlCache Behavior [ RunTime:0.000871s ]
[ 2013-06-06T10:21:11+08:00 ] /new/index.php?a=supervisor&m=supervisor&sid=3 | INFO: Run ShowRuntime Behavior [ RunTime:0.001022s ]
[ 2013-06-06T10:21:11+08:00 ] /new/index.php?a=supervisor&m=supervisor&sid=3 | INFO: Tag[ view_filter ] --END-- [ RunTime:0.004213s ]
[ 2013-06-06T10:21:11+08:00 ] /new/index.php?a=supervisor&m=supervisor&sid=3 | INFO: Tag[ view_end ] --START--
[ 2013-06-06T10:21:11+08:00 ] /new/index.php?a=supervisor&m=supervisor&sid=3 | INFO: Run ShowPageTrace Behavior [ RunTime:0.001012s ]
[ 2013-06-06T10:21:11+08:00 ] /new/index.php?a=supervisor&m=supervisor&sid=3 | INFO: Tag[ view_end ] --END-- [ RunTime:0.001060s ]
[ 2013-06-06T10:22:41+08:00 ] /new/index.php?a=supervisor&m=supervisor&sid=3 | INFO: Tag[ app_begin ] --START--
[ 2013-06-06T10:22:41+08:00 ] /new/index.php?a=supervisor&m=supervisor&sid=3 | INFO: Run ReadHtmlCache Behavior [ RunTime:0.001342s ]
[ 2013-06-06T10:22:41+08:00 ] /new/index.php?a=supervisor&m=supervisor&sid=3 | INFO: Tag[ app_begin ] --END-- [ RunTime:0.001459s ]
[ 2013-06-06T10:22:41+08:00 ] /new/index.php?a=supervisor&m=supervisor&sid=3 | SQL: SHOW COLUMNS FROM `yjl_supervisors` [ RunTime:0.010471s ]
[ 2013-06-06T10:22:41+08:00 ] /new/index.php?a=supervisor&m=supervisor&sid=3 | SQL: SELECT * FROM `yjl_supervisors` WHERE id = 3 LIMIT 1   [ RunTime:0.000215s ]
[ 2013-06-06T10:22:41+08:00 ] /new/index.php?a=supervisor&m=supervisor&sid=3 | INFO: Tag[ view_template ] --START--
[ 2013-06-06T10:22:41+08:00 ] /new/index.php?a=supervisor&m=supervisor&sid=3 | INFO: Run LocationTemplate Behavior [ RunTime:0.001612s ]
[ 2013-06-06T10:22:41+08:00 ] /new/index.php?a=supervisor&m=supervisor&sid=3 | INFO: Tag[ view_template ] --END-- [ RunTime:0.001666s ]
[ 2013-06-06T10:22:41+08:00 ] /new/index.php?a=supervisor&m=supervisor&sid=3 | INFO: Tag[ view_parse ] --START--
[ 2013-06-06T10:22:41+08:00 ] /new/index.php?a=supervisor&m=supervisor&sid=3 | NOTIC: [8] Undefined variable: web_title 33f98ae2b7bc8a43b4e8d698ad13949f.php 第 15 行.
[ 2013-06-06T10:22:41+08:00 ] /new/index.php?a=supervisor&m=supervisor&sid=3 | NOTIC: [8] Undefined index:  company 33f98ae2b7bc8a43b4e8d698ad13949f.php 第 31 行.
[ 2013-06-06T10:22:41+08:00 ] /new/index.php?a=supervisor&m=supervisor&sid=3 | NOTIC: [8] Undefined index:  region 33f98ae2b7bc8a43b4e8d698ad13949f.php 第 32 行.
[ 2013-06-06T10:22:41+08:00 ] /new/index.php?a=supervisor&m=supervisor&sid=3 | NOTIC: [8] Undefined variable: caselist 33f98ae2b7bc8a43b4e8d698ad13949f.php 第 38 行.
[ 2013-06-06T10:22:41+08:00 ] /new/index.php?a=supervisor&m=supervisor&sid=3 | INFO: Run ParseTemplate Behavior [ RunTime:0.011564s ]
[ 2013-06-06T10:22:41+08:00 ] /new/index.php?a=supervisor&m=supervisor&sid=3 | INFO: Tag[ view_parse ] --END-- [ RunTime:0.011623s ]
[ 2013-06-06T10:22:41+08:00 ] /new/index.php?a=supervisor&m=supervisor&sid=3 | INFO: Tag[ view_filter ] --START--
[ 2013-06-06T10:22:41+08:00 ] /new/index.php?a=supervisor&m=supervisor&sid=3 | INFO: Run ContentReplace Behavior [ RunTime:0.000985s ]
[ 2013-06-06T10:22:41+08:00 ] /new/index.php?a=supervisor&m=supervisor&sid=3 | INFO: Run TokenBuild Behavior [ RunTime:0.000986s ]
[ 2013-06-06T10:22:41+08:00 ] /new/index.php?a=supervisor&m=supervisor&sid=3 | INFO: Run WriteHtmlCache Behavior [ RunTime:0.000863s ]
[ 2013-06-06T10:22:41+08:00 ] /new/index.php?a=supervisor&m=supervisor&sid=3 | INFO: Run ShowRuntime Behavior [ RunTime:0.001013s ]
[ 2013-06-06T10:22:41+08:00 ] /new/index.php?a=supervisor&m=supervisor&sid=3 | INFO: Tag[ view_filter ] --END-- [ RunTime:0.003981s ]
[ 2013-06-06T10:22:41+08:00 ] /new/index.php?a=supervisor&m=supervisor&sid=3 | INFO: Tag[ view_end ] --START--
[ 2013-06-06T10:22:41+08:00 ] /new/index.php?a=supervisor&m=supervisor&sid=3 | INFO: Run ShowPageTrace Behavior [ RunTime:0.001017s ]
[ 2013-06-06T10:22:41+08:00 ] /new/index.php?a=supervisor&m=supervisor&sid=3 | INFO: Tag[ view_end ] --END-- [ RunTime:0.001063s ]
[ 2013-06-06T10:22:50+08:00 ] /new/index.php?a=supervisor&m=supervisor&sid=3 | INFO: Tag[ app_begin ] --START--
[ 2013-06-06T10:22:50+08:00 ] /new/index.php?a=supervisor&m=supervisor&sid=3 | INFO: Run ReadHtmlCache Behavior [ RunTime:0.001757s ]
[ 2013-06-06T10:22:50+08:00 ] /new/index.php?a=supervisor&m=supervisor&sid=3 | INFO: Tag[ app_begin ] --END-- [ RunTime:0.001922s ]
[ 2013-06-06T10:22:50+08:00 ] /new/index.php?a=supervisor&m=supervisor&sid=3 | SQL: SHOW COLUMNS FROM `yjl_supervisors` [ RunTime:0.001412s ]
[ 2013-06-06T10:22:50+08:00 ] /new/index.php?a=supervisor&m=supervisor&sid=3 | SQL: SELECT * FROM `yjl_supervisors` WHERE id = 3 LIMIT 1   [ RunTime:0.000220s ]
[ 2013-06-06T10:22:50+08:00 ] /new/index.php?a=supervisor&m=supervisor&sid=3 | INFO: Tag[ view_template ] --START--
[ 2013-06-06T10:22:50+08:00 ] /new/index.php?a=supervisor&m=supervisor&sid=3 | INFO: Run LocationTemplate Behavior [ RunTime:0.001339s ]
[ 2013-06-06T10:22:50+08:00 ] /new/index.php?a=supervisor&m=supervisor&sid=3 | INFO: Tag[ view_template ] --END-- [ RunTime:0.001394s ]
[ 2013-06-06T10:22:50+08:00 ] /new/index.php?a=supervisor&m=supervisor&sid=3 | INFO: Tag[ view_parse ] --START--
[ 2013-06-06T10:22:50+08:00 ] /new/index.php?a=supervisor&m=supervisor&sid=3 | NOTIC: [8] Undefined variable: web_title 33f98ae2b7bc8a43b4e8d698ad13949f.php 第 15 行.
[ 2013-06-06T10:22:50+08:00 ] /new/index.php?a=supervisor&m=supervisor&sid=3 | NOTIC: [8] Undefined index:  company 33f98ae2b7bc8a43b4e8d698ad13949f.php 第 31 行.
[ 2013-06-06T10:22:50+08:00 ] /new/index.php?a=supervisor&m=supervisor&sid=3 | NOTIC: [8] Undefined index:  region 33f98ae2b7bc8a43b4e8d698ad13949f.php 第 32 行.
[ 2013-06-06T10:22:50+08:00 ] /new/index.php?a=supervisor&m=supervisor&sid=3 | NOTIC: [8] Undefined variable: caselist 33f98ae2b7bc8a43b4e8d698ad13949f.php 第 38 行.
[ 2013-06-06T10:22:50+08:00 ] /new/index.php?a=supervisor&m=supervisor&sid=3 | INFO: Run ParseTemplate Behavior [ RunTime:0.011215s ]
[ 2013-06-06T10:22:50+08:00 ] /new/index.php?a=supervisor&m=supervisor&sid=3 | INFO: Tag[ view_parse ] --END-- [ RunTime:0.011275s ]
[ 2013-06-06T10:22:50+08:00 ] /new/index.php?a=supervisor&m=supervisor&sid=3 | INFO: Tag[ view_filter ] --START--
[ 2013-06-06T10:22:50+08:00 ] /new/index.php?a=supervisor&m=supervisor&sid=3 | INFO: Run ContentReplace Behavior [ RunTime:0.000674s ]
[ 2013-06-06T10:22:50+08:00 ] /new/index.php?a=supervisor&m=supervisor&sid=3 | INFO: Run TokenBuild Behavior [ RunTime:0.001007s ]
[ 2013-06-06T10:22:50+08:00 ] /new/index.php?a=supervisor&m=supervisor&sid=3 | INFO: Run WriteHtmlCache Behavior [ RunTime:0.000553s ]
[ 2013-06-06T10:22:50+08:00 ] /new/index.php?a=supervisor&m=supervisor&sid=3 | INFO: Run ShowRuntime Behavior [ RunTime:0.000705s ]
[ 2013-06-06T10:22:50+08:00 ] /new/index.php?a=supervisor&m=supervisor&sid=3 | INFO: Tag[ view_filter ] --END-- [ RunTime:0.003078s ]
[ 2013-06-06T10:22:50+08:00 ] /new/index.php?a=supervisor&m=supervisor&sid=3 | INFO: Tag[ view_end ] --START--
[ 2013-06-06T10:22:50+08:00 ] /new/index.php?a=supervisor&m=supervisor&sid=3 | INFO: Run ShowPageTrace Behavior [ RunTime:0.000726s ]
[ 2013-06-06T10:22:50+08:00 ] /new/index.php?a=supervisor&m=supervisor&sid=3 | INFO: Tag[ view_end ] --END-- [ RunTime:0.000775s ]
[ 2013-06-06T10:23:00+08:00 ] /new/index.php?a=supervisor&m=supervisor&sid=3 | INFO: Tag[ app_begin ] --START--
[ 2013-06-06T10:23:00+08:00 ] /new/index.php?a=supervisor&m=supervisor&sid=3 | INFO: Run ReadHtmlCache Behavior [ RunTime:0.001225s ]
[ 2013-06-06T10:23:00+08:00 ] /new/index.php?a=supervisor&m=supervisor&sid=3 | INFO: Tag[ app_begin ] --END-- [ RunTime:0.001330s ]
[ 2013-06-06T10:23:00+08:00 ] /new/index.php?a=supervisor&m=supervisor&sid=3 | SQL: SHOW COLUMNS FROM `yjl_supervisors` [ RunTime:0.001978s ]
[ 2013-06-06T10:23:00+08:00 ] /new/index.php?a=supervisor&m=supervisor&sid=3 | SQL: SELECT * FROM `yjl_supervisors` WHERE id = 3 LIMIT 1   [ RunTime:0.000244s ]
[ 2013-06-06T10:23:00+08:00 ] /new/index.php?a=supervisor&m=supervisor&sid=3 | INFO: Tag[ view_template ] --START--
[ 2013-06-06T10:23:00+08:00 ] /new/index.php?a=supervisor&m=supervisor&sid=3 | INFO: Run LocationTemplate Behavior [ RunTime:0.001705s ]
[ 2013-06-06T10:23:00+08:00 ] /new/index.php?a=supervisor&m=supervisor&sid=3 | INFO: Tag[ view_template ] --END-- [ RunTime:0.001765s ]
[ 2013-06-06T10:23:00+08:00 ] /new/index.php?a=supervisor&m=supervisor&sid=3 | INFO: Tag[ view_parse ] --START--
[ 2013-06-06T10:23:00+08:00 ] /new/index.php?a=supervisor&m=supervisor&sid=3 | NOTIC: [8] Undefined variable: web_title 33f98ae2b7bc8a43b4e8d698ad13949f.php 第 15 行.
[ 2013-06-06T10:23:00+08:00 ] /new/index.php?a=supervisor&m=supervisor&sid=3 | NOTIC: [8] Undefined index:  company 33f98ae2b7bc8a43b4e8d698ad13949f.php 第 31 行.
[ 2013-06-06T10:23:00+08:00 ] /new/index.php?a=supervisor&m=supervisor&sid=3 | NOTIC: [8] Undefined index:  region 33f98ae2b7bc8a43b4e8d698ad13949f.php 第 32 行.
[ 2013-06-06T10:23:00+08:00 ] /new/index.php?a=supervisor&m=supervisor&sid=3 | NOTIC: [8] Undefined variable: caselist 33f98ae2b7bc8a43b4e8d698ad13949f.php 第 38 行.
[ 2013-06-06T10:23:00+08:00 ] /new/index.php?a=supervisor&m=supervisor&sid=3 | INFO: Run ParseTemplate Behavior [ RunTime:0.016719s ]
[ 2013-06-06T10:23:00+08:00 ] /new/index.php?a=supervisor&m=supervisor&sid=3 | INFO: Tag[ view_parse ] --END-- [ RunTime:0.016780s ]
[ 2013-06-06T10:23:00+08:00 ] /new/index.php?a=supervisor&m=supervisor&sid=3 | INFO: Tag[ view_filter ] --START--
[ 2013-06-06T10:23:00+08:00 ] /new/index.php?a=supervisor&m=supervisor&sid=3 | INFO: Run ContentReplace Behavior [ RunTime:0.001080s ]
[ 2013-06-06T10:23:00+08:00 ] /new/index.php?a=supervisor&m=supervisor&sid=3 | INFO: Run TokenBuild Behavior [ RunTime:0.001084s ]
[ 2013-06-06T10:23:00+08:00 ] /new/index.php?a=supervisor&m=supervisor&sid=3 | INFO: Run WriteHtmlCache Behavior [ RunTime:0.000882s ]
[ 2013-06-06T10:23:00+08:00 ] /new/index.php?a=supervisor&m=supervisor&sid=3 | INFO: Run ShowRuntime Behavior [ RunTime:0.001018s ]
[ 2013-06-06T10:23:00+08:00 ] /new/index.php?a=supervisor&m=supervisor&sid=3 | INFO: Tag[ view_filter ] --END-- [ RunTime:0.004207s ]
[ 2013-06-06T10:23:00+08:00 ] /new/index.php?a=supervisor&m=supervisor&sid=3 | INFO: Tag[ view_end ] --START--
[ 2013-06-06T10:23:00+08:00 ] /new/index.php?a=supervisor&m=supervisor&sid=3 | INFO: Run ShowPageTrace Behavior [ RunTime:0.001023s ]
[ 2013-06-06T10:23:00+08:00 ] /new/index.php?a=supervisor&m=supervisor&sid=3 | INFO: Tag[ view_end ] --END-- [ RunTime:0.001072s ]
[ 2013-06-06T13:24:37+08:00 ] /new/index.php?a=index&m=reserve&sid=3 | INFO: Tag[ app_begin ] --START--
[ 2013-06-06T13:24:37+08:00 ] /new/index.php?a=index&m=reserve&sid=3 | INFO: Run ReadHtmlCache Behavior [ RunTime:0.000886s ]
[ 2013-06-06T13:24:37+08:00 ] /new/index.php?a=index&m=reserve&sid=3 | INFO: Tag[ app_begin ] --END-- [ RunTime:0.000985s ]
[ 2013-06-06T13:24:37+08:00 ] /new/index.php?a=index&m=reserve&sid=3 | SQL: SHOW COLUMNS FROM `yjl_supervisors` [ RunTime:0.001762s ]
[ 2013-06-06T13:24:37+08:00 ] /new/index.php?a=index&m=reserve&sid=3 | SQL: SELECT * FROM `yjl_supervisors` WHERE id = 3 LIMIT 1   [ RunTime:0.000193s ]
[ 2013-06-06T13:24:37+08:00 ] /new/index.php?a=index&m=reserve&sid=3 | SQL: SHOW COLUMNS FROM `yjl_company` [ RunTime:0.001784s ]
[ 2013-06-06T13:24:37+08:00 ] /new/index.php?a=index&m=reserve&sid=3 | SQL: SELECT * FROM `yjl_company` WHERE id = 13 LIMIT 1   [ RunTime:0.000231s ]
[ 2013-06-06T13:24:37+08:00 ] /new/index.php?a=index&m=reserve&sid=3 | INFO: Tag[ view_template ] --START--
[ 2013-06-06T13:24:37+08:00 ] /new/index.php?a=index&m=reserve&sid=3 | INFO: Run LocationTemplate Behavior [ RunTime:0.001332s ]
[ 2013-06-06T13:24:37+08:00 ] /new/index.php?a=index&m=reserve&sid=3 | INFO: Tag[ view_template ] --END-- [ RunTime:0.001391s ]
[ 2013-06-06T13:24:37+08:00 ] /new/index.php?a=index&m=reserve&sid=3 | INFO: Tag[ view_parse ] --START--
[ 2013-06-06T13:24:37+08:00 ] /new/index.php?a=index&m=reserve&sid=3 | NOTIC: [8] Undefined variable: web_title 96e29c0886d6025c5d0468b2e6002afd.php 第 15 行.
[ 2013-06-06T13:24:37+08:00 ] /new/index.php?a=index&m=reserve&sid=3 | NOTIC: [8] Undefined variable: ref 96e29c0886d6025c5d0468b2e6002afd.php 第 31 行.
[ 2013-06-06T13:24:37+08:00 ] /new/index.php?a=index&m=reserve&sid=3 | INFO: Run ParseTemplate Behavior [ RunTime:0.010979s ]
[ 2013-06-06T13:24:37+08:00 ] /new/index.php?a=index&m=reserve&sid=3 | INFO: Tag[ view_parse ] --END-- [ RunTime:0.011052s ]
[ 2013-06-06T13:24:37+08:00 ] /new/index.php?a=index&m=reserve&sid=3 | INFO: Tag[ view_filter ] --START--
[ 2013-06-06T13:24:37+08:00 ] /new/index.php?a=index&m=reserve&sid=3 | INFO: Run ContentReplace Behavior [ RunTime:0.000686s ]
[ 2013-06-06T13:24:37+08:00 ] /new/index.php?a=index&m=reserve&sid=3 | INFO: Run TokenBuild Behavior [ RunTime:0.001046s ]
[ 2013-06-06T13:24:37+08:00 ] /new/index.php?a=index&m=reserve&sid=3 | INFO: Run WriteHtmlCache Behavior [ RunTime:0.000612s ]
[ 2013-06-06T13:24:37+08:00 ] /new/index.php?a=index&m=reserve&sid=3 | INFO: Run ShowRuntime Behavior [ RunTime:0.000848s ]
[ 2013-06-06T13:24:37+08:00 ] /new/index.php?a=index&m=reserve&sid=3 | INFO: Tag[ view_filter ] --END-- [ RunTime:0.003349s ]
[ 2013-06-06T13:24:37+08:00 ] /new/index.php?a=index&m=reserve&sid=3 | INFO: Tag[ view_end ] --START--
[ 2013-06-06T13:24:37+08:00 ] /new/index.php?a=index&m=reserve&sid=3 | INFO: Run ShowPageTrace Behavior [ RunTime:0.001072s ]
[ 2013-06-06T13:24:37+08:00 ] /new/index.php?a=index&m=reserve&sid=3 | INFO: Tag[ view_end ] --END-- [ RunTime:0.001125s ]
[ 2013-06-06T13:24:38+08:00 ] /new/index.php?a=supervisor&m=supervisor&sid=3 | INFO: Tag[ app_begin ] --START--
[ 2013-06-06T13:24:38+08:00 ] /new/index.php?a=supervisor&m=supervisor&sid=3 | INFO: Run ReadHtmlCache Behavior [ RunTime:0.001467s ]
[ 2013-06-06T13:24:38+08:00 ] /new/index.php?a=supervisor&m=supervisor&sid=3 | INFO: Tag[ app_begin ] --END-- [ RunTime:0.001578s ]
[ 2013-06-06T13:24:38+08:00 ] /new/index.php?a=supervisor&m=supervisor&sid=3 | SQL: SHOW COLUMNS FROM `yjl_supervisors` [ RunTime:0.001331s ]
[ 2013-06-06T13:24:38+08:00 ] /new/index.php?a=supervisor&m=supervisor&sid=3 | SQL: SELECT * FROM `yjl_supervisors` WHERE id = 3 LIMIT 1   [ RunTime:0.000182s ]
[ 2013-06-06T13:24:38+08:00 ] /new/index.php?a=supervisor&m=supervisor&sid=3 | INFO: Tag[ view_template ] --START--
[ 2013-06-06T13:24:38+08:00 ] /new/index.php?a=supervisor&m=supervisor&sid=3 | INFO: Run LocationTemplate Behavior [ RunTime:0.002428s ]
[ 2013-06-06T13:24:38+08:00 ] /new/index.php?a=supervisor&m=supervisor&sid=3 | INFO: Tag[ view_template ] --END-- [ RunTime:0.002513s ]
[ 2013-06-06T13:24:38+08:00 ] /new/index.php?a=supervisor&m=supervisor&sid=3 | INFO: Tag[ view_parse ] --START--
[ 2013-06-06T13:24:38+08:00 ] /new/index.php?a=supervisor&m=supervisor&sid=3 | NOTIC: [8] Undefined variable: web_title 33f98ae2b7bc8a43b4e8d698ad13949f.php 第 15 行.
[ 2013-06-06T13:24:38+08:00 ] /new/index.php?a=supervisor&m=supervisor&sid=3 | NOTIC: [8] Undefined index:  company 33f98ae2b7bc8a43b4e8d698ad13949f.php 第 31 行.
[ 2013-06-06T13:24:38+08:00 ] /new/index.php?a=supervisor&m=supervisor&sid=3 | NOTIC: [8] Undefined index:  region 33f98ae2b7bc8a43b4e8d698ad13949f.php 第 32 行.
[ 2013-06-06T13:24:38+08:00 ] /new/index.php?a=supervisor&m=supervisor&sid=3 | NOTIC: [8] Undefined variable: caselist 33f98ae2b7bc8a43b4e8d698ad13949f.php 第 38 行.
[ 2013-06-06T13:24:38+08:00 ] /new/index.php?a=supervisor&m=supervisor&sid=3 | INFO: Run ParseTemplate Behavior [ RunTime:0.012603s ]
[ 2013-06-06T13:24:38+08:00 ] /new/index.php?a=supervisor&m=supervisor&sid=3 | INFO: Tag[ view_parse ] --END-- [ RunTime:0.012676s ]
[ 2013-06-06T13:24:38+08:00 ] /new/index.php?a=supervisor&m=supervisor&sid=3 | INFO: Tag[ view_filter ] --START--
[ 2013-06-06T13:24:38+08:00 ] /new/index.php?a=supervisor&m=supervisor&sid=3 | INFO: Run ContentReplace Behavior [ RunTime:0.000992s ]
[ 2013-06-06T13:24:38+08:00 ] /new/index.php?a=supervisor&m=supervisor&sid=3 | INFO: Run TokenBuild Behavior [ RunTime:0.000984s ]
[ 2013-06-06T13:24:38+08:00 ] /new/index.php?a=supervisor&m=supervisor&sid=3 | INFO: Run WriteHtmlCache Behavior [ RunTime:0.000874s ]
[ 2013-06-06T13:24:38+08:00 ] /new/index.php?a=supervisor&m=supervisor&sid=3 | INFO: Run ShowRuntime Behavior [ RunTime:0.001022s ]
[ 2013-06-06T13:24:38+08:00 ] /new/index.php?a=supervisor&m=supervisor&sid=3 | INFO: Tag[ view_filter ] --END-- [ RunTime:0.004011s ]
[ 2013-06-06T13:24:38+08:00 ] /new/index.php?a=supervisor&m=supervisor&sid=3 | INFO: Tag[ view_end ] --START--
[ 2013-06-06T13:24:38+08:00 ] /new/index.php?a=supervisor&m=supervisor&sid=3 | INFO: Run ShowPageTrace Behavior [ RunTime:0.001035s ]
[ 2013-06-06T13:24:38+08:00 ] /new/index.php?a=supervisor&m=supervisor&sid=3 | INFO: Tag[ view_end ] --END-- [ RunTime:0.001086s ]
[ 2013-06-06T13:25:21+08:00 ] /new/index.php?a=index&m=supervisor&sid=3 | INFO: Tag[ app_begin ] --START--
[ 2013-06-06T13:25:21+08:00 ] /new/index.php?a=index&m=supervisor&sid=3 | INFO: Run ReadHtmlCache Behavior [ RunTime:0.002171s ]
[ 2013-06-06T13:25:21+08:00 ] /new/index.php?a=index&m=supervisor&sid=3 | INFO: Tag[ app_begin ] --END-- [ RunTime:0.002325s ]
[ 2013-06-06T13:25:21+08:00 ] /new/index.php?a=index&m=supervisor&sid=3 | SQL: SHOW COLUMNS FROM `yjl_supervisors` [ RunTime:0.002023s ]
[ 2013-06-06T13:25:21+08:00 ] /new/index.php?a=index&m=supervisor&sid=3 | NOTIC: [8] Undefined index:  f supervisorAction.class.php 第 8 行.
[ 2013-06-06T13:25:21+08:00 ] /new/index.php?a=index&m=supervisor&sid=3 | NOTIC: [8] Undefined index:  p supervisorModel.class.php 第 37 行.
[ 2013-06-06T13:25:21+08:00 ] /new/index.php?a=index&m=supervisor&sid=3 | SQL: SELECT COUNT(*) AS tp_count FROM `yjl_supervisors` WHERE profession = 1 LIMIT 1   [ RunTime:0.000381s ]
[ 2013-06-06T13:25:21+08:00 ] /new/index.php?a=index&m=supervisor&sid=3 | SQL: SELECT yjl_company.name as company,yjl_company.region,yjl_supervisors.* FROM `yjl_supervisors` LEFT JOIN yjl_company ON yjl_company.id = yjl_supervisors.cid WHERE profession = 1 ORDER BY addtime DESC LIMIT 0,1   [ RunTime:0.000217s ]
[ 2013-06-06T13:25:21+08:00 ] /new/index.php?a=index&m=supervisor&sid=3 | INFO: Tag[ view_template ] --START--
[ 2013-06-06T13:25:21+08:00 ] /new/index.php?a=index&m=supervisor&sid=3 | INFO: Run LocationTemplate Behavior [ RunTime:0.001742s ]
[ 2013-06-06T13:25:21+08:00 ] /new/index.php?a=index&m=supervisor&sid=3 | INFO: Tag[ view_template ] --END-- [ RunTime:0.001825s ]
[ 2013-06-06T13:25:21+08:00 ] /new/index.php?a=index&m=supervisor&sid=3 | INFO: Tag[ view_parse ] --START--
[ 2013-06-06T13:25:21+08:00 ] /new/index.php?a=index&m=supervisor&sid=3 | NOTIC: [8] Undefined variable: web_title 8fc1b62dd067a8ae227fdf05b24233d5.php 第 15 行.
[ 2013-06-06T13:25:21+08:00 ] /new/index.php?a=index&m=supervisor&sid=3 | INFO: Run ParseTemplate Behavior [ RunTime:0.014699s ]
[ 2013-06-06T13:25:21+08:00 ] /new/index.php?a=index&m=supervisor&sid=3 | INFO: Tag[ view_parse ] --END-- [ RunTime:0.014764s ]
[ 2013-06-06T13:25:21+08:00 ] /new/index.php?a=index&m=supervisor&sid=3 | INFO: Tag[ view_filter ] --START--
[ 2013-06-06T13:25:21+08:00 ] /new/index.php?a=index&m=supervisor&sid=3 | INFO: Run ContentReplace Behavior [ RunTime:0.000986s ]
[ 2013-06-06T13:25:21+08:00 ] /new/index.php?a=index&m=supervisor&sid=3 | INFO: Run TokenBuild Behavior [ RunTime:0.001015s ]
[ 2013-06-06T13:25:21+08:00 ] /new/index.php?a=index&m=supervisor&sid=3 | INFO: Run WriteHtmlCache Behavior [ RunTime:0.000859s ]
[ 2013-06-06T13:25:21+08:00 ] /new/index.php?a=index&m=supervisor&sid=3 | INFO: Run ShowRuntime Behavior [ RunTime:0.001010s ]
[ 2013-06-06T13:25:21+08:00 ] /new/index.php?a=index&m=supervisor&sid=3 | INFO: Tag[ view_filter ] --END-- [ RunTime:0.004013s ]
[ 2013-06-06T13:25:21+08:00 ] /new/index.php?a=index&m=supervisor&sid=3 | INFO: Tag[ view_end ] --START--
[ 2013-06-06T13:25:21+08:00 ] /new/index.php?a=index&m=supervisor&sid=3 | INFO: Run ShowPageTrace Behavior [ RunTime:0.001011s ]
[ 2013-06-06T13:25:21+08:00 ] /new/index.php?a=index&m=supervisor&sid=3 | INFO: Tag[ view_end ] --END-- [ RunTime:0.001062s ]
[ 2013-06-06T13:25:23+08:00 ] /new/index.php?a=index&m=supervisor&f=2 | INFO: Tag[ app_begin ] --START--
[ 2013-06-06T13:25:23+08:00 ] /new/index.php?a=index&m=supervisor&f=2 | INFO: Run ReadHtmlCache Behavior [ RunTime:0.001707s ]
[ 2013-06-06T13:25:23+08:00 ] /new/index.php?a=index&m=supervisor&f=2 | INFO: Tag[ app_begin ] --END-- [ RunTime:0.001837s ]
[ 2013-06-06T13:25:23+08:00 ] /new/index.php?a=index&m=supervisor&f=2 | SQL: SHOW COLUMNS FROM `yjl_supervisors` [ RunTime:0.001508s ]
[ 2013-06-06T13:25:23+08:00 ] /new/index.php?a=index&m=supervisor&f=2 | NOTIC: [8] Undefined index:  p supervisorModel.class.php 第 37 行.
[ 2013-06-06T13:25:23+08:00 ] /new/index.php?a=index&m=supervisor&f=2 | SQL: SELECT COUNT(*) AS tp_count FROM `yjl_supervisors` WHERE profession = 2 LIMIT 1   [ RunTime:0.000371s ]
[ 2013-06-06T13:25:23+08:00 ] /new/index.php?a=index&m=supervisor&f=2 | SQL: SELECT yjl_company.name as company,yjl_company.region,yjl_supervisors.* FROM `yjl_supervisors` LEFT JOIN yjl_company ON yjl_company.id = yjl_supervisors.cid WHERE profession = 2 ORDER BY addtime DESC LIMIT 0,1   [ RunTime:0.000332s ]
[ 2013-06-06T13:25:23+08:00 ] /new/index.php?a=index&m=supervisor&f=2 | INFO: Tag[ view_template ] --START--
[ 2013-06-06T13:25:23+08:00 ] /new/index.php?a=index&m=supervisor&f=2 | INFO: Run LocationTemplate Behavior [ RunTime:0.001394s ]
[ 2013-06-06T13:25:23+08:00 ] /new/index.php?a=index&m=supervisor&f=2 | INFO: Tag[ view_template ] --END-- [ RunTime:0.001465s ]
[ 2013-06-06T13:25:23+08:00 ] /new/index.php?a=index&m=supervisor&f=2 | INFO: Tag[ view_parse ] --START--
[ 2013-06-06T13:25:23+08:00 ] /new/index.php?a=index&m=supervisor&f=2 | NOTIC: [8] Undefined variable: web_title 8fc1b62dd067a8ae227fdf05b24233d5.php 第 15 行.
[ 2013-06-06T13:25:23+08:00 ] /new/index.php?a=index&m=supervisor&f=2 | NOTIC: [8] Undefined index:  images 8fc1b62dd067a8ae227fdf05b24233d5.php 第 45 行.
[ 2013-06-06T13:25:23+08:00 ] /new/index.php?a=index&m=supervisor&f=2 | NOTIC: [8] Undefined index:  images 8fc1b62dd067a8ae227fdf05b24233d5.php 第 45 行.
[ 2013-06-06T13:25:23+08:00 ] /new/index.php?a=index&m=supervisor&f=2 | NOTIC: [8] Undefined index:  images 8fc1b62dd067a8ae227fdf05b24233d5.php 第 46 行.
[ 2013-06-06T13:25:23+08:00 ] /new/index.php?a=index&m=supervisor&f=2 | NOTIC: [8] Undefined index:  images 8fc1b62dd067a8ae227fdf05b24233d5.php 第 46 行.
[ 2013-06-06T13:25:23+08:00 ] /new/index.php?a=index&m=supervisor&f=2 | NOTIC: [8] Undefined index:  images 8fc1b62dd067a8ae227fdf05b24233d5.php 第 47 行.
[ 2013-06-06T13:25:23+08:00 ] /new/index.php?a=index&m=supervisor&f=2 | NOTIC: [8] Undefined index:  images 8fc1b62dd067a8ae227fdf05b24233d5.php 第 47 行.
[ 2013-06-06T13:25:23+08:00 ] /new/index.php?a=index&m=supervisor&f=2 | INFO: Run ParseTemplate Behavior [ RunTime:0.016340s ]
[ 2013-06-06T13:25:23+08:00 ] /new/index.php?a=index&m=supervisor&f=2 | INFO: Tag[ view_parse ] --END-- [ RunTime:0.016415s ]
[ 2013-06-06T13:25:23+08:00 ] /new/index.php?a=index&m=supervisor&f=2 | INFO: Tag[ view_filter ] --START--
[ 2013-06-06T13:25:23+08:00 ] /new/index.php?a=index&m=supervisor&f=2 | INFO: Run ContentReplace Behavior [ RunTime:0.000998s ]
[ 2013-06-06T13:25:23+08:00 ] /new/index.php?a=index&m=supervisor&f=2 | INFO: Run TokenBuild Behavior [ RunTime:0.000989s ]
[ 2013-06-06T13:25:23+08:00 ] /new/index.php?a=index&m=supervisor&f=2 | INFO: Run WriteHtmlCache Behavior [ RunTime:0.000862s ]
[ 2013-06-06T13:25:23+08:00 ] /new/index.php?a=index&m=supervisor&f=2 | INFO: Run ShowRuntime Behavior [ RunTime:0.001018s ]
[ 2013-06-06T13:25:23+08:00 ] /new/index.php?a=index&m=supervisor&f=2 | INFO: Tag[ view_filter ] --END-- [ RunTime:0.004007s ]
[ 2013-06-06T13:25:23+08:00 ] /new/index.php?a=index&m=supervisor&f=2 | INFO: Tag[ view_end ] --START--
[ 2013-06-06T13:25:23+08:00 ] /new/index.php?a=index&m=supervisor&f=2 | INFO: Run ShowPageTrace Behavior [ RunTime:0.001008s ]
[ 2013-06-06T13:25:23+08:00 ] /new/index.php?a=index&m=supervisor&f=2 | INFO: Tag[ view_end ] --END-- [ RunTime:0.001057s ]
[ 2013-06-06T13:26:13+08:00 ] /new/index.php?a=index&m=company | INFO: Tag[ app_begin ] --START--
[ 2013-06-06T13:26:13+08:00 ] /new/index.php?a=index&m=company | INFO: Run ReadHtmlCache Behavior [ RunTime:0.001844s ]
[ 2013-06-06T13:26:13+08:00 ] /new/index.php?a=index&m=company | INFO: Tag[ app_begin ] --END-- [ RunTime:0.001953s ]
[ 2013-06-06T13:26:13+08:00 ] /new/index.php?a=index&m=company | SQL: SHOW COLUMNS FROM `yjl_company` [ RunTime:0.001638s ]
[ 2013-06-06T13:26:13+08:00 ] /new/index.php?a=index&m=company | NOTIC: [8] Undefined index:  p companyModel.class.php 第 19 行.
[ 2013-06-06T13:26:13+08:00 ] /new/index.php?a=index&m=company | SQL: SELECT COUNT(*) AS tp_count FROM `yjl_company` WHERE status = 1 LIMIT 1   [ RunTime:0.000233s ]
[ 2013-06-06T13:26:13+08:00 ] /new/index.php?a=index&m=company | SQL: SELECT * FROM `yjl_company` WHERE status = 1 ORDER BY addtime DESC LIMIT 0,10   [ RunTime:0.000230s ]
[ 2013-06-06T13:26:13+08:00 ] /new/index.php?a=index&m=company | INFO: Tag[ view_template ] --START--
[ 2013-06-06T13:26:13+08:00 ] /new/index.php?a=index&m=company | INFO: Run LocationTemplate Behavior [ RunTime:0.001564s ]
[ 2013-06-06T13:26:13+08:00 ] /new/index.php?a=index&m=company | INFO: Tag[ view_template ] --END-- [ RunTime:0.001640s ]
[ 2013-06-06T13:26:13+08:00 ] /new/index.php?a=index&m=company | INFO: Tag[ view_parse ] --START--
[ 2013-06-06T13:26:13+08:00 ] /new/index.php?a=index&m=company | NOTIC: [8] Undefined variable: web_title 6f6189d60d35a8824621e017bad6bbe7.php 第 15 行.
[ 2013-06-06T13:26:13+08:00 ] /new/index.php?a=index&m=company | INFO: Run ParseTemplate Behavior [ RunTime:0.011905s ]
[ 2013-06-06T13:26:13+08:00 ] /new/index.php?a=index&m=company | INFO: Tag[ view_parse ] --END-- [ RunTime:0.011967s ]
[ 2013-06-06T13:26:13+08:00 ] /new/index.php?a=index&m=company | INFO: Tag[ view_filter ] --START--
[ 2013-06-06T13:26:13+08:00 ] /new/index.php?a=index&m=company | INFO: Run ContentReplace Behavior [ RunTime:0.001015s ]
[ 2013-06-06T13:26:13+08:00 ] /new/index.php?a=index&m=company | INFO: Run TokenBuild Behavior [ RunTime:0.000995s ]
[ 2013-06-06T13:26:13+08:00 ] /new/index.php?a=index&m=company | INFO: Run WriteHtmlCache Behavior [ RunTime:0.000878s ]
[ 2013-06-06T13:26:13+08:00 ] /new/index.php?a=index&m=company | INFO: Run ShowRuntime Behavior [ RunTime:0.001066s ]
[ 2013-06-06T13:26:13+08:00 ] /new/index.php?a=index&m=company | INFO: Tag[ view_filter ] --END-- [ RunTime:0.004112s ]
[ 2013-06-06T13:26:13+08:00 ] /new/index.php?a=index&m=company | INFO: Tag[ view_end ] --START--
[ 2013-06-06T13:26:13+08:00 ] /new/index.php?a=index&m=company | INFO: Run ShowPageTrace Behavior [ RunTime:0.001027s ]
[ 2013-06-06T13:26:13+08:00 ] /new/index.php?a=index&m=company | INFO: Tag[ view_end ] --END-- [ RunTime:0.001091s ]
